----------------------------------------
[INFO] Datetime of deployment: 2023-11-17T22:43:12.524Z
[INFO] Deployment configuration file: /Users/ryleyohlsen/Documents/GitHub/artblocks-contracts/packages/contracts/deployments/engine/V3/partners/maya-spirits/deployment-config.staging.ts
[INFO] Deploying to network: goerli
[INFO] Deploying to environment: staging
[INFO] New Admin ACL AdminACLV1 deployed at address: 0x1E615ee4C7AC89B525d48AeedF01d76E4e06a2d5
[INFO] Using shared Randomizer at 0xC91CFC2062D8B4Ff53A7c8836CAEf925a7C78c81
[INFO] Core GenArt721CoreV3_Engine deployed at 0xE89b16B4e5Cb619772894E29650437dee9779933
[INFO] Registered core contract 0xE89b16B4e5Cb619772894E29650437dee9779933 on core registry 0x4B5f26A0Bd22bB28F9E3aD15fFA5fB23fC791786
[INFO] Updated the Minter Filter on the Core contract to 0xD1d9aD8B1B520F19DFE43Cc975b9470840e8b824.
[INFO] Skipping adding placeholder initial project.
[INFO] Skipping update of render provider split percentage primary, since it is already equal to the value of 10.
[INFO] Skipping update of render provider split percentage secondary, since it is already equal to the value of 250.
[INFO] Transferred superAdmin role on adminACL to 0x011d3916eacD74Edc8C55c2C8085B3eA45963Fc8.
[INFO] Verifying core contract contract deployment...
Nothing to compile
Successfully submitted source code for contract
contracts/engine/V3/GenArt721CoreV3_Engine.sol:GenArt721CoreV3_Engine at 0xE89b16B4e5Cb619772894E29650437dee9779933
for verification on the block explorer. Waiting for verification result...

Successfully verified contract GenArt721CoreV3_Engine on Etherscan.
https://goerli.etherscan.io/address/0xE89b16B4e5Cb619772894E29650437dee9779933#code
[INFO] Core contract verified on Etherscan at 0xE89b16B4e5Cb619772894E29650437dee9779933}
[INFO] Verifying AdminACL contract deployment...
The contract 0x1E615ee4C7AC89B525d48AeedF01d76E4e06a2d5 has already been verified
[INFO] AdminACL contract verified on Etherscan at 0x1E615ee4C7AC89B525d48AeedF01d76E4e06a2d5
Created s3 bucket for https://maya-spirits-goerli.s3.amazonaws.com
[INFO] Created image bucket maya-spirits-goerli
[INFO] Deployment details written to /Users/ryleyohlsen/Documents/GitHub/artblocks-contracts/packages/contracts/deployments/engine/V3/partners/maya-spirits/DEPLOYMENTS.md
Upserting 1 contract...
Contracts metadata upsert input:
{
  "address": "0xe89b16b4e5cb619772894e29650437dee9779933",
  "name": "Maya Spirits",
  "bucket_name": "maya-spirits-goerli",
  "default_vertical_name": "fullyonchain"
}
Successfully upserted 1 contract
[ACTION] provider primary and secondary sales payment addresses remain as deployer addresses: 0x00df4E8d293d57718aac0B18cBfBE128c5d484Ef. Update later as needed.
[ACTION] AdminACL's superAdmin address is 0x011d3916eacD74Edc8C55c2C8085B3eA45963Fc8, don't forget to update if requred.
