----------------------------------------
[INFO] Datetime of deployment: 2023-03-29T01:24:51.903Z
[INFO] Deployment configuration file: /Users/jakerockland/Code/artblocks-contracts/deployments/engine/V3/partners/audio-galleries-flex/deployment-config.dev.ts
[INFO] Deploying to network: goerli
[INFO] Deploying to environment: staging
[INFO] New Admin ACL AdminACLV0 deployed at address: 0xA6A98495cf931cf325765d7ea1Adf0C44b205CbA
[INFO] Randomizer BasicRandomizerV2 deployed at 0x74C95c613e1989ceFb09F16657D329a062B18ea6
[INFO] Core GenArt721CoreV3_Engine_Flex deployed at 0x0867aAEF5C1e4811c8598F8B8B844519881c59FA
[INFO] Minter Filter MinterFilterV1 deployed at 0xf0585dF582A0ad119F1616FB82f3b449a98EeCd5
[INFO] MinterSetPriceV4 deployed at 0x5fb9fC59B3fCF9Dd6430de6347568b5086Edc7Bb
[INFO] MinterMerkleV5 deployed at 0xD0A385CfF92a27ffC8B3C3ef83fcbC63181A2d66
[INFO] Assigned randomizer to core and renounced ownership of randomizer
[INFO] Updated the Minter Filter on the Core contract to 0xf0585dF582A0ad119F1616FB82f3b449a98EeCd5.
[INFO] Allowlisted minter MinterSetPriceV4 at 0x5fb9fC59B3fCF9Dd6430de6347568b5086Edc7Bb on minter filter.
[INFO] Allowlisted minter MinterMerkleV5 at 0xD0A385CfF92a27ffC8B3C3ef83fcbC63181A2d66 on minter filter.
[INFO] Skipping adding placeholder initial project.
[INFO] Skipping adding placeholder initial token.
[INFO] Transferred superAdmin role on adminACL to 0x0396D20242A85F877f58018228E345E398E4a969.
[INFO] Verifying core contract contract deployment...
The contract 0x0867aAEF5C1e4811c8598F8B8B844519881c59FA has already been verified
[INFO] Core contract verified on Etherscan at 0x0867aAEF5C1e4811c8598F8B8B844519881c59FA}
[INFO] Verifying AdminACL contract deployment...
The contract 0xA6A98495cf931cf325765d7ea1Adf0C44b205CbA has already been verified
[INFO] AdminACL contract verified on Etherscan at 0xA6A98495cf931cf325765d7ea1Adf0C44b205CbA}
[INFO] Verifying MinterFilter contract deployment...
The contract 0xf0585dF582A0ad119F1616FB82f3b449a98EeCd5 has already been verified
[INFO] MinterFilter contract verified on Etherscan at 0xf0585dF582A0ad119F1616FB82f3b449a98EeCd5}
[INFO] Verifying MinterSetPriceV4 contract deployment...
The contract 0x5fb9fC59B3fCF9Dd6430de6347568b5086Edc7Bb has already been verified
[INFO] MinterSetPriceV4 contract verified on Etherscan at 0x5fb9fC59B3fCF9Dd6430de6347568b5086Edc7Bb}
[INFO] Verifying MinterMerkleV5 contract deployment...
The contract 0xD0A385CfF92a27ffC8B3C3ef83fcbC63181A2d66 has already been verified
[INFO] MinterMerkleV5 contract verified on Etherscan at 0xD0A385CfF92a27ffC8B3C3ef83fcbC63181A2d66}
Created s3 bucket for https://audio-galleries-generator-goerli.s3.amazonaws.com
[INFO] Created image bucket audio-galleries-generator-goerli
[INFO] Deployment details written to /Users/jakerockland/Code/artblocks-contracts/deployments/engine/V3/partners/audio-galleries-flex/DEPLOYMENTS.md
Upserting 1 contract...
Contracts metadata upsert input:
{
  "address": "0x0867aaef5c1e4811c8598f8b8b844519881c59fa",
  "name": "Audio Galleries Generator",
  "bucket_name": "audio-galleries-generator-goerli",
  "default_vertical_name": "flex"
}
Successfully upserted 1 contract
[ACTION] provider primary and secondary sales payment addresses remain as deployer addresses: 0xB8559AF91377e5BaB052A4E9a5088cB65a9a4d63. Update later as needed.
[ACTION] AdminACL's superAdmin address is 0x0396D20242A85F877f58018228E345E398E4a969, don't forget to update if requred.
----------------------------------------
[INFO] New Admin ACL AdminACLV1 deployed at address: 0x03E590B63Ff9B4045480495aBEf47BFfC082e81D
[INFO] Using shared Randomizer at 0x28f2D3805652FB5d359486dFfb7D08320D403240
[INFO] Core GenArt721CoreV3_Engine_Flex deployed at 0x569cDfECFD848a02Ad3e74175a1A4a74484Ef944
[INFO] Registered core contract 0x569cDfECFD848a02Ad3e74175a1A4a74484Ef944 on core registry 0xdAe755c2944Ec125a0D8D5CB082c22837593441a
[INFO] Updated the Minter Filter on the Core contract to 0xa07f47c30C262adcC263A4D44595972c50e04db7.
[INFO] Skipping adding placeholder initial project.
[INFO] Skipping update of render provider split percentage primary, since it is already equal to the value of 10.
[INFO] Skipping update of render provider split percentage secondary, since it is already equal to the value of 250.
[INFO] Transferred superAdmin role on adminACL to 0x0396D20242A85F877f58018228E345E398E4a969.
[INFO] Verifying core contract contract deployment...
[ACTION] Save the following constructor args config file to a constructor-args.js file, then verify core contract deployment with:
module.exports = [
        "Audio Galleries Generator", // name
        "AGG", // ticker
        "0x00df4E8d293d57718aac0B18cBfBE128c5d484Ef", // render provider
        "0x0396D20242A85F877f58018228E345E398E4a969", // platform provider
        "0x28f2D3805652FB5d359486dFfb7D08320D403240", // randomizer
        "0x03E590B63Ff9B4045480495aBEf47BFfC082e81D", // admin acl
        0, // starting project id
        true, // auto approve artist split proposals
      ];
yarn hardhat verify --network sepolia --constructor-args constructor-args.js 0x569cDfECFD848a02Ad3e74175a1A4a74484Ef944
[INFO] Verifying AdminACL contract deployment...
[WARN] Etherscan verification of AdminACL failed: UnexpectedError: An unexpected error occurred during the verification process.
Please report this issue to the Hardhat team.
Error Details: Invalid API Key
[ACTION] Verify AdminACL contract deployment with:
yarn hardhat verify --network sepolia 0x03E590B63Ff9B4045480495aBEf47BFfC082e81D 
Created s3 bucket for https://audio-galleries-generator-sepolia.s3.amazonaws.com
[INFO] Created image bucket audio-galleries-generator-sepolia
[INFO] Deployment details written to /Users/benyo/Development/artblocks-contracts/packages/contracts/deployments/engine/V3/partners/sepolia/DEPLOYMENTS.md
Upserting 1 contract...
Contracts metadata upsert input:
{
  "address": "0x569cdfecfd848a02ad3e74175a1a4a74484ef944",
  "name": "Audio Galleries Generator",
  "bucket_name": "audio-galleries-generator-sepolia",
  "default_vertical_name": "flex"
}
Successfully upserted 1 contract
[ACTION] provider primary and secondary sales payment addresses remain as deployer addresses: 0x00df4E8d293d57718aac0B18cBfBE128c5d484Ef. Update later as needed.
[ACTION] AdminACL's superAdmin address is 0x0396D20242A85F877f58018228E345E398E4a969, don't forget to update if requred.
