----------------------------------------
[INFO] Datetime of deployment: 2023-03-29T00:47:46.947Z
[INFO] Deployment configuration file: /Users/jakerockland/Code/artblocks-contracts/deployments/engine/V3/partners/proof-flex/deployment-config.dev.ts
[INFO] Deploying to network: goerli
[INFO] Deploying to environment: staging
[INFO] New Admin ACL AdminACLV0 deployed at address: 0x489A6680cf268E5F7da783F7666c7CfC346DBEa3
[INFO] Randomizer BasicRandomizerV2 deployed at 0x2e9242B96351280C561a6f9db0e0127923e3f5E4
[INFO] Core GenArt721CoreV3_Engine_Flex_PROOF deployed at 0x5f53E89f060F6B45333b0CA809E126795Bd978E9
[INFO] Minter Filter MinterFilterV1 deployed at 0xD8B6dcA208B6F8D08eb429C1b027F6e5FAbFAC53
[INFO] Assigned randomizer to core and renounced ownership of randomizer
[INFO] Updated the Minter Filter on the Core contract to 0xD8B6dcA208B6F8D08eb429C1b027F6e5FAbFAC53.
[INFO] Skipping adding placeholder initial project.
[INFO] Skipping adding placeholder initial token.
[INFO] Transferred superAdmin role on adminACL to 0x32220f07DBcd18149f619F28cD09FD911cc0372D.
[INFO] Verifying core contract contract deployment...
Nothing to compile
Successfully submitted source code for contract
contracts/GenArt721CoreV3_Engine_Flex_PROOF.sol:GenArt721CoreV3_Engine_Flex_PROOF at 0x5f53E89f060F6B45333b0CA809E126795Bd978E9
for verification on the block explorer. Waiting for verification result...

Successfully verified contract GenArt721CoreV3_Engine_Flex_PROOF on Etherscan.
https://goerli.etherscan.io/address/0x5f53E89f060F6B45333b0CA809E126795Bd978E9#code
[INFO] Core contract verified on Etherscan at 0x5f53E89f060F6B45333b0CA809E126795Bd978E9}
[INFO] Verifying AdminACL contract deployment...
Compiled 199 Solidity files successfully
Successfully submitted source code for contract
contracts/AdminACLV0.sol:AdminACLV0 at 0x489A6680cf268E5F7da783F7666c7CfC346DBEa3
for verification on the block explorer. Waiting for verification result...

Successfully verified contract AdminACLV0 on Etherscan.
https://goerli.etherscan.io/address/0x489A6680cf268E5F7da783F7666c7CfC346DBEa3#code
[INFO] AdminACL contract verified on Etherscan at 0x489A6680cf268E5F7da783F7666c7CfC346DBEa3}
[INFO] Verifying MinterFilter contract deployment...
The contract 0xD8B6dcA208B6F8D08eb429C1b027F6e5FAbFAC53 has already been verified
[INFO] MinterFilter contract verified on Etherscan at 0xD8B6dcA208B6F8D08eb429C1b027F6e5FAbFAC53}
Created s3 bucket for https://proof-blocks-goerli.s3.amazonaws.com
[INFO] Created image bucket proof-blocks-goerli
[INFO] Deployment details written to /Users/jakerockland/Code/artblocks-contracts/deployments/engine/V3/partners/proof-flex/DEPLOYMENTS.md
Upserting 1 contract...
Contracts metadata upsert input:
{
  "address": "0x5f53e89f060f6b45333b0ca809e126795bd978e9",
  "name": "PROOF Blocks",
  "bucket_name": "proof-blocks-goerli",
  "default_vertical_name": "flex"
}
Successfully upserted 1 contract
[ACTION] provider primary and secondary sales payment addresses remain as deployer addresses: 0xB8559AF91377e5BaB052A4E9a5088cB65a9a4d63. Update later as needed.
[ACTION] AdminACL's superAdmin address is 0x32220f07DBcd18149f619F28cD09FD911cc0372D, don't forget to update if requred.
----------------------------------------
[INFO] Datetime of deployment: 2023-03-31T00:17:13.453Z
[INFO] Deployment configuration file: /Users/jakerockland/Code/artblocks-contracts/deployments/engine/V3/partners/proof-flex/deployment-config.mainnet.ts
[INFO] Deploying to network: mainnet
[INFO] Deploying to environment: mainnet
[INFO] New Admin ACL AdminACLV0 deployed at address: 0x5d292CFfD4e3EA08049760D42F8F67bcde4E9260
[INFO] Randomizer BasicRandomizerV2 deployed at 0x8ABdb5c40BB6593550ff0027d15D8B6BEc416a24
[INFO] Core GenArt721CoreV3_Engine_Flex_PROOF deployed at 0x1353fd9d3dC70d1a18149C8FB2ADB4FB906DE4E8
[INFO] Minter Filter MinterFilterV1 deployed at 0xA3ae49B0fE17A0735dBc9f11Fb51122687DbC27E
[INFO] Assigned randomizer to core and renounced ownership of randomizer
[INFO] Updated the Minter Filter on the Core contract to 0xA3ae49B0fE17A0735dBc9f11Fb51122687DbC27E.
[INFO] Skipping adding placeholder initial project.
[INFO] Skipping adding placeholder initial token.
[INFO] Transferred superAdmin role on adminACL to 0x32220f07DBcd18149f619F28cD09FD911cc0372D.
[INFO] Verifying core contract contract deployment...
Nothing to compile
Successfully submitted source code for contract
contracts/engine/V3/forks/GenArt721CoreV3_Engine_Flex_PROOF.sol:GenArt721CoreV3_Engine_Flex_PROOF at 0x1353fd9d3dC70d1a18149C8FB2ADB4FB906DE4E8
for verification on the block explorer. Waiting for verification result...

Successfully verified contract GenArt721CoreV3_Engine_Flex_PROOF on Etherscan.
https://etherscan.io/address/0x1353fd9d3dC70d1a18149C8FB2ADB4FB906DE4E8#code
[INFO] Core contract verified on Etherscan at 0x1353fd9d3dC70d1a18149C8FB2ADB4FB906DE4E8}
[INFO] Verifying AdminACL contract deployment...
Compiled 199 Solidity files successfully
Successfully submitted source code for contract
contracts/AdminACLV0.sol:AdminACLV0 at 0x5d292CFfD4e3EA08049760D42F8F67bcde4E9260
for verification on the block explorer. Waiting for verification result...

Successfully verified contract AdminACLV0 on Etherscan.
https://etherscan.io/address/0x5d292CFfD4e3EA08049760D42F8F67bcde4E9260#code
[INFO] AdminACL contract verified on Etherscan at 0x5d292CFfD4e3EA08049760D42F8F67bcde4E9260}
[INFO] Verifying MinterFilter contract deployment...
Compiled 199 Solidity files successfully
Successfully submitted source code for contract
contracts/minter-suite/MinterFilter/MinterFilterV1.sol:MinterFilterV1 at 0xA3ae49B0fE17A0735dBc9f11Fb51122687DbC27E
for verification on the block explorer. Waiting for verification result...

Successfully verified contract MinterFilterV1 on Etherscan.
https://etherscan.io/address/0xA3ae49B0fE17A0735dBc9f11Fb51122687DbC27E#code
[INFO] MinterFilter contract verified on Etherscan at 0xA3ae49B0fE17A0735dBc9f11Fb51122687DbC27E}
Created s3 bucket for https://proof-blocks-mainnet.s3.amazonaws.com
[INFO] Created image bucket proof-blocks-mainnet
[INFO] Deployment details written to /Users/jakerockland/Code/artblocks-contracts/deployments/engine/V3/partners/proof-flex/DEPLOYMENTS.md
Upserting 1 contract...
Contracts metadata upsert input:
{
  "address": "0x1353fd9d3dc70d1a18149c8fb2adb4fb906de4e8",
  "name": "PROOF Blocks",
  "bucket_name": "proof-blocks-mainnet",
  "default_vertical_name": "flex"
}
Successfully upserted 1 contract
[ACTION] provider primary and secondary sales payment addresses remain as deployer addresses: 0xB8559AF91377e5BaB052A4E9a5088cB65a9a4d63. Update later as needed.
[ACTION] AdminACL's superAdmin address is 0x32220f07DBcd18149f619F28cD09FD911cc0372D, don't forget to update if requred.
----------------------------------------
[INFO] Datetime of deployment: 2023-07-15T01:17:59.205Z
[INFO] Deployment configuration file: /Users/jakerockland/Code/artblocks-contracts/packages/contracts/deployments/engine/V3/partners/proof-flex/deployment-config.mainnet-2.ts
[INFO] Deploying to network: mainnet
[INFO] Deploying to environment: mainnet
[INFO] New Admin ACL AdminACLV0 deployed at address: 0x41cc069871054C1EfB4Aa40aF12f673eA2b6a1fC
[INFO] Randomizer BasicRandomizerV2 deployed at 0x533D79A2669A22BAfeCdf1696aD6E738E4A2e07b
[INFO] Core GenArt721CoreV3_Engine_Flex_PROOF deployed at 0x294fED5F1D3D30cfA6Fe86A937dC3141EEc8bC6d
[INFO] Minter Filter MinterFilterV1 deployed at 0x21A95e1E97478db730b9564089A8Ca1D9aCF5B79
[INFO] Assigned randomizer to core and renounced ownership of randomizer
[INFO] Updated the Minter Filter on the Core contract to 0x21A95e1E97478db730b9564089A8Ca1D9aCF5B79.
[INFO] Skipping adding placeholder initial project.
[INFO] Skipping adding placeholder initial token.
[INFO] Transferred superAdmin role on adminACL to 0x32220f07DBcd18149f619F28cD09FD911cc0372D.
[INFO] Verifying core contract contract deployment...
Nothing to compile
Successfully submitted source code for contract
contracts/engine/V3/forks/GenArt721CoreV3_Engine_Flex_PROOF.sol:GenArt721CoreV3_Engine_Flex_PROOF at 0x294fED5F1D3D30cfA6Fe86A937dC3141EEc8bC6d
for verification on the block explorer. Waiting for verification result...

Successfully verified contract GenArt721CoreV3_Engine_Flex_PROOF on Etherscan.
https://etherscan.io/address/0x294fED5F1D3D30cfA6Fe86A937dC3141EEc8bC6d#code
[INFO] Core contract verified on Etherscan at 0x294fED5F1D3D30cfA6Fe86A937dC3141EEc8bC6d}
[INFO] Verifying AdminACL contract deployment...
Compiled 232 Solidity files successfully
Successfully submitted source code for contract
contracts/AdminACLV0.sol:AdminACLV0 at 0x41cc069871054C1EfB4Aa40aF12f673eA2b6a1fC
for verification on the block explorer. Waiting for verification result...

Successfully verified contract AdminACLV0 on Etherscan.
https://etherscan.io/address/0x41cc069871054C1EfB4Aa40aF12f673eA2b6a1fC#code
[INFO] AdminACL contract verified on Etherscan at 0x41cc069871054C1EfB4Aa40aF12f673eA2b6a1fC}
[INFO] Verifying MinterFilter contract deployment...
The contract 0x21A95e1E97478db730b9564089A8Ca1D9aCF5B79 has already been verified
[INFO] MinterFilter contract verified on Etherscan at 0x21A95e1E97478db730b9564089A8Ca1D9aCF5B79}
Created s3 bucket for https://proof-blocks-2-mainnet.s3.amazonaws.com
[INFO] Created image bucket proof-blocks-2-mainnet
[INFO] Deployment details written to /Users/jakerockland/Code/artblocks-contracts/packages/contracts/deployments/engine/V3/partners/proof-flex/DEPLOYMENTS.md
Upserting 1 contract...
Contracts metadata upsert input:
{
  "address": "0x294fed5f1d3d30cfa6fe86a937dc3141eec8bc6d",
  "name": "PROOF Blocks 2",
  "bucket_name": "proof-blocks-2-mainnet",
  "default_vertical_name": "flex"
}
Successfully upserted 1 contract
[ACTION] provider primary and secondary sales payment addresses remain as deployer addresses: 0xB8559AF91377e5BaB052A4E9a5088cB65a9a4d63. Update later as needed.
[ACTION] AdminACL's superAdmin address is 0x32220f07DBcd18149f619F28cD09FD911cc0372D, don't forget to update if requred.
----------------------------------------
[INFO] Datetime of deployment: 2023-12-08T00:51:29.837Z
[INFO] Deployment configuration file: /Users/benyo/Development/artblocks-contracts/packages/contracts/deployments/engine/V3/partners/sepolia/deployment-config-sepolia-migration.staging.ts
[INFO] New Admin ACL AdminACLV1 deployed at address: 0x09a637F5b66A280834dB1A65648f621E27f03295
[INFO] Using shared Randomizer at 0x28f2D3805652FB5d359486dFfb7D08320D403240
[INFO] Core GenArt721CoreV3_Engine_Flex_PROOF deployed at 0x70F64Afe1fD8BE5c290f6fd07Ca06492799C1a26
[INFO] Registered core contract 0x70F64Afe1fD8BE5c290f6fd07Ca06492799C1a26 on core registry 0xdAe755c2944Ec125a0D8D5CB082c22837593441a
[INFO] Updated the Minter Filter on the Core contract to 0xa07f47c30C262adcC263A4D44595972c50e04db7.
[INFO] Skipping adding placeholder initial project.
[INFO] Skipping update of render provider split percentage primary, since it is already equal to the value of 10.
[INFO] Skipping update of render provider split percentage secondary, since it is already equal to the value of 250.
[INFO] Transferred superAdmin role on adminACL to 0x4309ebddF4d56B5E6e91A2fc63b9564b162e467c.
[INFO] Verifying core contract contract deployment...
Successfully submitted source code for contract
contracts/engine/V3/forks/GenArt721CoreV3_Engine_Flex_PROOF.sol:GenArt721CoreV3_Engine_Flex_PROOF at 0x70F64Afe1fD8BE5c290f6fd07Ca06492799C1a26
for verification on the block explorer. Waiting for verification result...

Successfully verified contract GenArt721CoreV3_Engine_Flex_PROOF on the block explorer.
https://sepolia.etherscan.io/address/0x70F64Afe1fD8BE5c290f6fd07Ca06492799C1a26#code

[INFO] Core contract verified on Etherscan at 0x70F64Afe1fD8BE5c290f6fd07Ca06492799C1a26}
[INFO] Verifying AdminACL contract deployment...
Successfully submitted source code for contract
contracts/AdminACLV1.sol:AdminACLV1 at 0x09a637F5b66A280834dB1A65648f621E27f03295
for verification on the block explorer. Waiting for verification result...

Successfully verified contract AdminACLV1 on the block explorer.
https://sepolia.etherscan.io/address/0x09a637F5b66A280834dB1A65648f621E27f03295#code

[INFO] AdminACL contract verified on Etherscan at 0x09a637F5b66A280834dB1A65648f621E27f03295
Created s3 bucket for https://proof-blocks-sepolia.s3.amazonaws.com
[INFO] Created image bucket proof-blocks-sepolia
[INFO] Deployment details written to /Users/benyo/Development/artblocks-contracts/packages/contracts/deployments/engine/V3/partners/sepolia/DEPLOYMENTS.md
Upserting 1 contract...
Contracts metadata upsert input:
{
  "address": "0x70f64afe1fd8be5c290f6fd07ca06492799c1a26",
  "name": "PROOF Blocks",
  "bucket_name": "proof-blocks-sepolia",
  "default_vertical_name": "flex"
}
Successfully upserted 1 contract
[ACTION] provider primary and secondary sales payment addresses remain as deployer addresses: 0x00df4E8d293d57718aac0B18cBfBE128c5d484Ef. Update later as needed.
[ACTION] AdminACL's superAdmin address is 0x4309ebddF4d56B5E6e91A2fc63b9564b162e467c, don't forget to update if requred.
