----------------------------------------
[INFO] Datetime of deployment: 2023-04-28T01:26:21.155Z
[INFO] Deployment configuration file: /Users/jakerockland/Code/artblocks-contracts/deployments/engine/V3/partners/axiom/deployment-config.staging.ts
[INFO] Deploying to network: goerli
[INFO] Deploying to environment: staging
[INFO] New Admin ACL AdminACLV1 deployed at address: 0x959bc2976AbEaafD3e680bdBe39406CA548C10b0
[INFO] Randomizer BasicRandomizerV2 deployed at 0x3b7954A19111bfd01B927c6C7D973E52AC609e53
[INFO] Core GenArt721CoreV3_Engine deployed at 0xd6c97e2CA3d2ecE73Eaee6CA7F66faF89F74c98A
[INFO] Minter Filter MinterFilterV1 deployed at 0x77D4b54e91822E9799AB0900876D6B1cdA752706
[INFO] MinterSetPriceV4 deployed at 0x3b8f62893FfD0aD191DdFD2E4e132F7933EA4EF1
[INFO] Assigned randomizer to core and renounced ownership of randomizer
[INFO] Updated the Minter Filter on the Core contract to 0x77D4b54e91822E9799AB0900876D6B1cdA752706.
[INFO] Allowlisted minter MinterSetPriceV4 at 0x3b8f62893FfD0aD191DdFD2E4e132F7933EA4EF1 on minter filter.
[INFO] Skipping adding placeholder initial project.
[INFO] Skipping adding placeholder initial token.
[INFO] Transferred superAdmin role on adminACL to 0xbF826ed6D0F74278b81056C45e21928a374051ba.
[INFO] Verifying core contract contract deployment...
The contract 0xd6c97e2CA3d2ecE73Eaee6CA7F66faF89F74c98A has already been verified
[INFO] Core contract verified on Etherscan at 0xd6c97e2CA3d2ecE73Eaee6CA7F66faF89F74c98A}
[INFO] Verifying AdminACL contract deployment...
The contract 0x959bc2976AbEaafD3e680bdBe39406CA548C10b0 has already been verified
[INFO] AdminACL contract verified on Etherscan at 0x959bc2976AbEaafD3e680bdBe39406CA548C10b0}
[INFO] Verifying MinterFilter contract deployment...
The contract 0x77D4b54e91822E9799AB0900876D6B1cdA752706 has already been verified
[INFO] MinterFilter contract verified on Etherscan at 0x77D4b54e91822E9799AB0900876D6B1cdA752706}
[INFO] Verifying MinterSetPriceV4 contract deployment...
The contract 0x3b8f62893FfD0aD191DdFD2E4e132F7933EA4EF1 has already been verified
[INFO] MinterSetPriceV4 contract verified on Etherscan at 0x3b8f62893FfD0aD191DdFD2E4e132F7933EA4EF1}
Created s3 bucket for https://axiom-space3-goerli.s3.amazonaws.com
[INFO] Created image bucket axiom-space3-goerli
[INFO] Deployment details written to /Users/jakerockland/Code/artblocks-contracts/deployments/engine/V3/partners/axiom/DEPLOYMENTS.md
Upserting 1 contract...
Contracts metadata upsert input:
{
  "address": "0xd6c97e2ca3d2ece73eaee6ca7f66faf89f74c98a",
  "name": "Axiom Space3",
  "bucket_name": "axiom-space3-goerli",
  "default_vertical_name": "fullyonchain"
}
Successfully upserted 1 contract
[ACTION] provider primary and secondary sales payment addresses remain as deployer addresses: 0xB8559AF91377e5BaB052A4E9a5088cB65a9a4d63. Update later as needed.
[ACTION] AdminACL's superAdmin address is 0xB8559AF91377e5BaB052A4E9a5088cB65a9a4d63, don't forget to update if requred.
----------------------------------------
[INFO] Datetime of deployment: 2023-05-26T19:48:14.885Z
[INFO] Deployment configuration file: /Users/jakerockland/Code/artblocks-contracts/packages/contracts/deployments/engine/V3/partners/axiom/deployment-config.mainnet.ts
[INFO] Deploying to network: mainnet
[INFO] Deploying to environment: mainnet
[INFO] New Admin ACL AdminACLV1 deployed at address: 0xD0A385CfF92a27ffC8B3C3ef83fcbC63181A2d66
[INFO] Randomizer BasicRandomizerV2 deployed at 0xA5D5EB80C5f613A5B5611f9DF58d875E70d5CF79
[INFO] Core GenArt721CoreV3_Engine deployed at 0x9209070E1447018638e15b73Dbee46Bf085fcf5f
[INFO] Minter Filter MinterFilterV1 deployed at 0xcbc3B677a4c8534626014f58FB683E3974938458
[INFO] MinterSetPriceV4 deployed at 0x3C7e46a41aa80b4CE885221845EAF055EF5cA87D
[INFO] MinterDALinV4 deployed at 0xeDa9d6D52eCdCE6efbfC6f4E24C133335431788A
[INFO] Assigned randomizer to core and renounced ownership of randomizer
[INFO] Updated the Minter Filter on the Core contract to 0xcbc3B677a4c8534626014f58FB683E3974938458.
[INFO] Allowlisted minter MinterSetPriceV4 at 0x3C7e46a41aa80b4CE885221845EAF055EF5cA87D on minter filter.
[INFO] Allowlisted minter MinterDALinV4 at 0xeDa9d6D52eCdCE6efbfC6f4E24C133335431788A on minter filter.
[INFO] Skipping adding placeholder initial project.
[INFO] Skipping adding placeholder initial token.
[INFO] Transferred superAdmin role on adminACL to 0x52dba55dd2b5de24f51efc6c57231c173e869fb9.
[INFO] Verifying core contract contract deployment...
Nothing to compile
Successfully submitted source code for contract
contracts/engine/V3/GenArt721CoreV3_Engine.sol:GenArt721CoreV3_Engine at 0x9209070E1447018638e15b73Dbee46Bf085fcf5f
for verification on the block explorer. Waiting for verification result...

Successfully verified contract GenArt721CoreV3_Engine on Etherscan.
https://etherscan.io/address/0x9209070E1447018638e15b73Dbee46Bf085fcf5f#code
[INFO] Core contract verified on Etherscan at 0x9209070E1447018638e15b73Dbee46Bf085fcf5f}
[INFO] Verifying AdminACL contract deployment...
Compiled 222 Solidity files successfully
Successfully submitted source code for contract
contracts/AdminACLV1.sol:AdminACLV1 at 0xD0A385CfF92a27ffC8B3C3ef83fcbC63181A2d66
for verification on the block explorer. Waiting for verification result...

Successfully verified contract AdminACLV1 on Etherscan.
https://etherscan.io/address/0xD0A385CfF92a27ffC8B3C3ef83fcbC63181A2d66#code
[INFO] AdminACL contract verified on Etherscan at 0xD0A385CfF92a27ffC8B3C3ef83fcbC63181A2d66}
[INFO] Verifying MinterFilter contract deployment...
Compiled 222 Solidity files successfully
Successfully submitted source code for contract
contracts/minter-suite/MinterFilter/MinterFilterV1.sol:MinterFilterV1 at 0xcbc3B677a4c8534626014f58FB683E3974938458
for verification on the block explorer. Waiting for verification result...

Successfully verified contract MinterFilterV1 on Etherscan.
https://etherscan.io/address/0xcbc3B677a4c8534626014f58FB683E3974938458#code
[INFO] MinterFilter contract verified on Etherscan at 0xcbc3B677a4c8534626014f58FB683E3974938458}
[INFO] Verifying MinterSetPriceV4 contract deployment...
Compiled 222 Solidity files successfully
Successfully submitted source code for contract
contracts/minter-suite/Minters/MinterSetPriceV4.sol:MinterSetPriceV4 at 0x3C7e46a41aa80b4CE885221845EAF055EF5cA87D
for verification on the block explorer. Waiting for verification result...

Successfully verified contract MinterSetPriceV4 on Etherscan.
https://etherscan.io/address/0x3C7e46a41aa80b4CE885221845EAF055EF5cA87D#code
[INFO] MinterSetPriceV4 contract verified on Etherscan at 0x3C7e46a41aa80b4CE885221845EAF055EF5cA87D}
[INFO] Verifying MinterDALinV4 contract deployment...
Compiled 222 Solidity files successfully
Successfully submitted source code for contract
contracts/minter-suite/Minters/MinterDALinV4.sol:MinterDALinV4 at 0xeDa9d6D52eCdCE6efbfC6f4E24C133335431788A
for verification on the block explorer. Waiting for verification result...

Successfully verified contract MinterDALinV4 on Etherscan.
https://etherscan.io/address/0xeDa9d6D52eCdCE6efbfC6f4E24C133335431788A#code
[INFO] MinterDALinV4 contract verified on Etherscan at 0xeDa9d6D52eCdCE6efbfC6f4E24C133335431788A}
Created s3 bucket for https://axiom-space3-mainnet.s3.amazonaws.com
[INFO] Created image bucket axiom-space3-mainnet
[INFO] Deployment details written to /Users/jakerockland/Code/artblocks-contracts/packages/contracts/deployments/engine/V3/partners/axiom/DEPLOYMENTS.md
Upserting 1 contract...
Contracts metadata upsert input:
{
  "address": "0x9209070e1447018638e15b73dbee46bf085fcf5f",
  "name": "Axiom Space3",
  "bucket_name": "axiom-space3-mainnet",
  "default_vertical_name": "fullyonchain"
}
Successfully upserted 1 contract
[ACTION] provider primary and secondary sales payment addresses remain as deployer addresses: 0xB8559AF91377e5BaB052A4E9a5088cB65a9a4d63. Update later as needed.
[ACTION] AdminACL's superAdmin address is 0x52DbA55DD2b5de24f51EfC6C57231C173E869fb9, don't forget to update if requred.
