----------------------------------------
[INFO] Datetime of minter deployment: 2023-05-12T22:34:09.824Z
[INFO] Minter deployment configuration file: /Users/jakerockland/Code/artblocks-contracts/deployments/engine/V3/partners/axiom/minter-deploy-config.staging.ts
[INFO] Deploying to network: goerli
[INFO] Deploying MinterDALinV4 with deploy args [0xd6c97e2CA3d2ecE73Eaee6CA7F66faF89F74c98A,0x77D4b54e91822E9799AB0900876D6B1cdA752706]...
[INFO] MinterDALinV4 deployed at 0x9561B7BeA3b546b750df1C55D3aF1694C4EEDc14
Error: cannot estimate gas; transaction may fail or may require manual gas limit [ See: https://links.ethers.org/v5-errors-UNPREDICTABLE_GAS_LIMIT ] (reason="execution reverted: Only Core AdminACL allowed", method="estimateGas", transaction={"from":"0xB8559AF91377e5BaB052A4E9a5088cB65a9a4d63","to":"0x77D4b54e91822E9799AB0900876D6B1cdA752706","data":"0xbee4d1060000000000000000000000009561b7bea3b546b750df1c55d3af1694c4eedc14","accessList":null}, error={"name":"ProviderError","_stack":"ProviderError: execution reverted: Only Core AdminACL allowed\n    at HttpProvider.request (/Users/jakerockland/Code/artblocks-contracts/node_modules/hardhat/src/internal/core/providers/http.ts:88:21)\n    at processTicksAndRejections (node:internal/process/task_queues:95:5)\n    at EthersProviderWrapper.send (/Users/jakerockland/Code/artblocks-contracts/node_modules/@nomiclabs/hardhat-ethers/src/internal/ethers-provider-wrapper.ts:13:20)","code":3,"_isProviderError":true,"data":"0x08c379a00000000000000000000000000000000000000000000000000000000000000020000000000000000000000000000000000000000000000000000000000000001a4f6e6c7920436f72652041646d696e41434c20616c6c6f776564000000000000"}, code=UNPREDICTABLE_GAS_LIMIT, version=providers/5.7.2)
    at Logger.makeError (/Users/jakerockland/Code/artblocks-contracts/node_modules/@ethersproject/logger/src.ts/index.ts:269:28)
    at Logger.throwError (/Users/jakerockland/Code/artblocks-contracts/node_modules/@ethersproject/logger/src.ts/index.ts:281:20)
    at checkError (/Users/jakerockland/Code/artblocks-contracts/node_modules/@ethersproject/providers/src.ts/json-rpc-provider.ts:78:20)
    at EthersProviderWrapper.<anonymous> (/Users/jakerockland/Code/artblocks-contracts/node_modules/@ethersproject/providers/src.ts/json-rpc-provider.ts:642:20)
    at step (/Users/jakerockland/Code/artblocks-contracts/node_modules/@ethersproject/providers/lib/json-rpc-provider.js:48:23)
    at Object.throw (/Users/jakerockland/Code/artblocks-contracts/node_modules/@ethersproject/providers/lib/json-rpc-provider.js:29:53)
    at rejected (/Users/jakerockland/Code/artblocks-contracts/node_modules/@ethersproject/providers/lib/json-rpc-provider.js:21:65)
    at processTicksAndRejections (node:internal/process/task_queues:95:5) {
  reason: 'execution reverted: Only Core AdminACL allowed',
  code: 'UNPREDICTABLE_GAS_LIMIT',
  method: 'estimateGas',
  transaction: {
    from: '0xB8559AF91377e5BaB052A4E9a5088cB65a9a4d63',
    to: '0x77D4b54e91822E9799AB0900876D6B1cdA752706',
    data: '0xbee4d1060000000000000000000000009561b7bea3b546b750df1c55d3af1694c4eedc14',
    accessList: null
  },
  error: ProviderError: execution reverted: Only Core AdminACL allowed
      at HttpProvider.request (/Users/jakerockland/Code/artblocks-contracts/node_modules/hardhat/src/internal/core/providers/http.ts:88:21)
      at processTicksAndRejections (node:internal/process/task_queues:95:5)
      at EthersProviderWrapper.send (/Users/jakerockland/Code/artblocks-contracts/node_modules/@nomiclabs/hardhat-ethers/src/internal/ethers-provider-wrapper.ts:13:20)
}
[ERROR] unable to allowlist the new minter on the minter filter at 0x77D4b54e91822E9799AB0900876D6B1cdA752706
[INFO] this may be because the minter filter has already been transferred to a partner's wallet
[INFO] Verifying MinterDALinV4 contract deployment...
Nothing to compile
[WARN] Etherscan verification of MinterDALinV4 failed: Error: ENOENT: no such file or directory, open '/Users/jakerockland/Code/artblocks-contracts/artifacts/build-info/f5a449f529292eaa743b520bbd4e42da.json'
[ACTION] Verify MinterDALinV4 contract deployment with:
yarn hardhat verify --network goerli 0x9561B7BeA3b546b750df1C55D3aF1694C4EEDc14 0xd6c97e2CA3d2ecE73Eaee6CA7F66faF89F74c98A 0x77D4b54e91822E9799AB0900876D6B1cdA752706
[INFO] Minter deployment details written/appended to /Users/jakerockland/Code/artblocks-contracts/deployments/engine/V3/partners/axiom/DEPLOYMENTS.md
[INFO] Completed minter deployment! MinterDALinV4 deployed to 0x9561B7BeA3b546b750df1C55D3aF1694C4EEDc14, and allowlisted on the minter filter at 0x77D4b54e91822E9799AB0900876D6B1cdA752706
[ACTION] If this minter is to be indexed in a subgraph, ensure it is added to the subgraph's config.
[ACTION] The minter was not able to be allowlisted on the minter filter, ensure the minter filter is updated by appropriate admin.
