----------------------------------------
[INFO] Datetime of deployment: 2023-12-21T23:26:58.044Z
[INFO] Deployment configuration file: /Users/ryleyohlsen/Documents/GitHub/artblocks-contracts/packages/contracts/deployments/engine/V3/partners/the-disruptive-gallery/deployment-config.staging.ts
[INFO] Deploying to network: sepolia
[INFO] Deploying to environment: staging
[INFO] New Admin ACL AdminACLV1 deployed at address: 0x5FA646aB6fFAF0be0FaF72d0e633C4d2dc736001
[INFO] Using shared Randomizer at 0x28f2D3805652FB5d359486dFfb7D08320D403240
[INFO] Core GenArt721CoreV3_Engine_Flex deployed at 0xcA7224Cc37116D72092e34259e6A5bfdB3009179
[INFO] Registered core contract 0xcA7224Cc37116D72092e34259e6A5bfdB3009179 on core registry 0xdAe755c2944Ec125a0D8D5CB082c22837593441a
[INFO] Updated the Minter Filter on the Core contract to 0xa07f47c30C262adcC263A4D44595972c50e04db7.
[INFO] Skipping adding placeholder initial project.
[INFO] Skipping update of render provider split percentage primary, since it is already equal to the value of 10.
[INFO] Skipping update of render provider split percentage secondary, since it is already equal to the value of 250.
[INFO] Transferred superAdmin role on adminACL to 0x7118b4e929b72Cb75C69C7CF4467fA7E2761175f.
[INFO] Verifying core contract contract deployment...
The contract 0xcA7224Cc37116D72092e34259e6A5bfdB3009179 has already been verified on Etherscan.
https://sepolia.etherscan.io/address/0xcA7224Cc37116D72092e34259e6A5bfdB3009179#code
[INFO] Core contract verified on Etherscan at 0xcA7224Cc37116D72092e34259e6A5bfdB3009179}
[INFO] Verifying AdminACL contract deployment...
The contract 0x5FA646aB6fFAF0be0FaF72d0e633C4d2dc736001 has already been verified on Etherscan.
https://sepolia.etherscan.io/address/0x5FA646aB6fFAF0be0FaF72d0e633C4d2dc736001#code
[INFO] AdminACL contract verified on Etherscan at 0x5FA646aB6fFAF0be0FaF72d0e633C4d2dc736001
Created s3 bucket for https://the-disruptive-gallery-sepolia.s3.amazonaws.com
[INFO] Created image bucket the-disruptive-gallery-sepolia
[INFO] Deployment details written to /Users/ryleyohlsen/Documents/GitHub/artblocks-contracts/packages/contracts/deployments/engine/V3/partners/the-disruptive-gallery/DEPLOYMENTS.md
Upserting 1 contract...
Contracts metadata upsert input:
{
  "address": "0xca7224cc37116d72092e34259e6a5bfdb3009179",
  "name": "The Disruptive Gallery",
  "bucket_name": "the-disruptive-gallery-sepolia",
  "default_vertical_name": "flex"
}
Successfully upserted 1 contract
[ACTION] provider primary and secondary sales payment addresses remain as deployer addresses: 0x00df4E8d293d57718aac0B18cBfBE128c5d484Ef. Update later as needed.
[ACTION] AdminACL's superAdmin address is 0x7118b4e929b72Cb75C69C7CF4467fA7E2761175f, don't forget to update if requred.
----------------------------------------
[INFO] Datetime of deployment: 2024-03-08T17:36:55.250Z
[INFO] Deployment configuration file: /Users/lindsaygilbert/Documents/Projects/artblocks-contracts/packages/contracts/deployments/engine/V3/partners/the-disruptive-gallery/deployment-config.mainnet.ts
[INFO] Deploying to network: mainnet
[INFO] Deploying to environment: mainnet
[INFO] New Admin ACL AdminACLV1 deployed at address: 0xDa660c53BF80Ec39acbac12160B34c6583434F92
[INFO] Using shared Randomizer at 0x13178A7a8A1A9460dBE39f7eCcEbD91B31752b91
[INFO] Core GenArt721CoreV3_Engine_Flex deployed at 0x96A83b48dE94E130Cf2AA81b28391c28EE33d253
[INFO] Registered core contract 0x96A83b48dE94E130Cf2AA81b28391c28EE33d253 on core registry 0x2eE7B9bB2E038bE7323A119701A191c030A61ec6
[INFO] Updated the Minter Filter on the Core contract to 0xa2ccfE293bc2CDD78D8166a82D1e18cD2148122b.
[INFO] Skipping adding placeholder initial project.
[INFO] Skipping update of render provider split percentage primary, since it is already equal to the value of 10.
[INFO] Skipping update of render provider split percentage secondary, since it is already equal to the value of 250.
[INFO] Transferred superAdmin role on adminACL to 0x7118b4e929b72Cb75C69C7CF4467fA7E2761175f.
[INFO] Verifying core contract contract deployment...
The contract 0x96A83b48dE94E130Cf2AA81b28391c28EE33d253 has already been verified on Etherscan.
https://etherscan.io/address/0x96A83b48dE94E130Cf2AA81b28391c28EE33d253#code
[INFO] Core contract verified on Etherscan at 0x96A83b48dE94E130Cf2AA81b28391c28EE33d253}
[INFO] Verifying AdminACL contract deployment...
The contract 0xDa660c53BF80Ec39acbac12160B34c6583434F92 has already been verified on Etherscan.
https://etherscan.io/address/0xDa660c53BF80Ec39acbac12160B34c6583434F92#code
[INFO] AdminACL contract verified on Etherscan at 0xDa660c53BF80Ec39acbac12160B34c6583434F92
Created s3 bucket for https://the-disruptive-gallery-mainnet.s3.amazonaws.com
[INFO] Created image bucket the-disruptive-gallery-mainnet
[INFO] Deployment details written to /Users/lindsaygilbert/Documents/Projects/artblocks-contracts/packages/contracts/deployments/engine/V3/partners/the-disruptive-gallery/DEPLOYMENTS.md
Upserting 1 contract...
Contracts metadata upsert input:
{
  "address": "0x96a83b48de94e130cf2aa81b28391c28ee33d253",
  "name": "The Disruptive Gallery",
  "bucket_name": "the-disruptive-gallery-mainnet",
  "default_vertical_name": "flex"
}
Successfully upserted 1 contract
[ACTION] AdminACL's superAdmin address is 0x7118b4e929b72Cb75C69C7CF4467fA7E2761175f, don't forget to update if requred.
