----------------------------------------
[INFO] Datetime of deployment: 2023-04-28T01:19:21.586Z
[INFO] Deployment configuration file: /Users/jakerockland/Code/artblocks-contracts/deployments/engine/V3/partners/variadic-labs/deployment-config.staging.ts
[INFO] Deploying to network: goerli
[INFO] Deploying to environment: staging
[INFO] New Admin ACL AdminACLV1 deployed at address: 0xd7742cfEeb84F34F81E6C64b35744f3C37d83d75
[INFO] Randomizer BasicRandomizerV2 deployed at 0x2b485d2b98DEe0F84F2b57f923F2266013117752
[INFO] Core GenArt721CoreV3_Engine deployed at 0xF03511eC774289DA497CDb2070Df4c711580fF7A
[INFO] Minter Filter MinterFilterV1 deployed at 0xA2399239A381B0B71CD3DF5f31288ea64A36D805
[INFO] MinterSetPriceV4 deployed at 0xCe12d6eBacbdDE8927F240822CCbdc2108016d6F
[INFO] MinterDAExpSettlementV1 deployed at 0xAfEEaf186D1Df3E61daAe951Be3D57a492aCbd3e
[INFO] Assigned randomizer to core and renounced ownership of randomizer
[INFO] Updated the Minter Filter on the Core contract to 0xA2399239A381B0B71CD3DF5f31288ea64A36D805.
[INFO] Allowlisted minter MinterSetPriceV4 at 0xCe12d6eBacbdDE8927F240822CCbdc2108016d6F on minter filter.
[INFO] Allowlisted minter MinterDAExpSettlementV1 at 0xAfEEaf186D1Df3E61daAe951Be3D57a492aCbd3e on minter filter.
[INFO] Skipping adding placeholder initial project.
[INFO] Skipping adding placeholder initial token.
[INFO] Transferred superAdmin role on adminACL to 0x61F1Ca3F65EA947B01bC66379bc4a7C5a07a8A3F.
[INFO] Verifying core contract contract deployment...
Nothing to compile
Successfully submitted source code for contract
contracts/engine/V3/GenArt721CoreV3_Engine.sol:GenArt721CoreV3_Engine at 0xF03511eC774289DA497CDb2070Df4c711580fF7A
for verification on the block explorer. Waiting for verification result...

Successfully verified contract GenArt721CoreV3_Engine on Etherscan.
https://goerli.etherscan.io/address/0xF03511eC774289DA497CDb2070Df4c711580fF7A#code
[INFO] Core contract verified on Etherscan at 0xF03511eC774289DA497CDb2070Df4c711580fF7A}
[INFO] Verifying AdminACL contract deployment...
The contract 0xd7742cfEeb84F34F81E6C64b35744f3C37d83d75 has already been verified
[INFO] AdminACL contract verified on Etherscan at 0xd7742cfEeb84F34F81E6C64b35744f3C37d83d75}
[INFO] Verifying MinterFilter contract deployment...
The contract 0xA2399239A381B0B71CD3DF5f31288ea64A36D805 has already been verified
[INFO] MinterFilter contract verified on Etherscan at 0xA2399239A381B0B71CD3DF5f31288ea64A36D805}
[INFO] Verifying MinterSetPriceV4 contract deployment...
The contract 0xCe12d6eBacbdDE8927F240822CCbdc2108016d6F has already been verified
[INFO] MinterSetPriceV4 contract verified on Etherscan at 0xCe12d6eBacbdDE8927F240822CCbdc2108016d6F}
[INFO] Verifying MinterDAExpSettlementV1 contract deployment...
The contract 0xAfEEaf186D1Df3E61daAe951Be3D57a492aCbd3e has already been verified
[INFO] MinterDAExpSettlementV1 contract verified on Etherscan at 0xAfEEaf186D1Df3E61daAe951Be3D57a492aCbd3e}
Created s3 bucket for https://concentric-art-goerli.s3.amazonaws.com
[INFO] Created image bucket concentric-art-goerli
[INFO] Deployment details written to /Users/jakerockland/Code/artblocks-contracts/deployments/engine/V3/partners/variadic-labs/DEPLOYMENTS.md
Upserting 1 contract...
Contracts metadata upsert input:
{
  "address": "0xf03511ec774289da497cdb2070df4c711580ff7a",
  "name": "Concentric Art",
  "bucket_name": "concentric-art-goerli",
  "default_vertical_name": "fullyonchain"
}
Successfully upserted 1 contract
[ACTION] provider primary and secondary sales payment addresses remain as deployer addresses: 0xB8559AF91377e5BaB052A4E9a5088cB65a9a4d63. Update later as needed.
[ACTION] AdminACL's superAdmin address is 0x61F1Ca3F65EA947B01bC66379bc4a7C5a07a8A3F, don't forget to update if requred.
----------------------------------------
[INFO] Datetime of deployment: 2023-06-12T23:29:35.567Z
[INFO] Deployment configuration file: /Users/jakerockland/Code/artblocks-contracts/packages/contracts/deployments/engine/V3/partners/variadic-labs/deployment-config.arbitrum.ts
[INFO] Deploying to network: arbitrum-goerli
[INFO] Deploying to environment: arbitrum-staging
[INFO] New Admin ACL AdminACLV1 deployed at address: 0xbDdE08BD57e5C9fD563eE7aC61618CB2ECdc0ce0
[INFO] Randomizer BasicRandomizerV2 deployed at 0xDd06d8483868Cd0C5E69C24eEaA2A5F2bEaFd42b
[INFO] Core GenArt721CoreV3_Engine deployed at 0xdD1724761e8f291545EA18eE16cCB3f1dDD07466
[INFO] Minter Filter MinterFilterV1 deployed at 0x2146A41F2c1432895d6D0ADF9c60BF0a226Bac0e
[INFO] MinterSetPriceV4 deployed at 0x47A91457a3a1f700097199Fd63c039c4784384aB
[INFO] MinterDAExpSettlementV1 deployed at 0xE8394175365Fd746Bb1179244a6F8e3398aa22FF
[INFO] Assigned randomizer to core and renounced ownership of randomizer
[INFO] Updated the Minter Filter on the Core contract to 0x2146A41F2c1432895d6D0ADF9c60BF0a226Bac0e.
[INFO] Allowlisted minter MinterSetPriceV4 at 0x47A91457a3a1f700097199Fd63c039c4784384aB on minter filter.
[INFO] Allowlisted minter MinterDAExpSettlementV1 at 0xE8394175365Fd746Bb1179244a6F8e3398aa22FF on minter filter.
[INFO] Skipping adding placeholder initial project.
[INFO] Skipping adding placeholder initial token.
[INFO] Transferred superAdmin role on adminACL to 0x61F1Ca3F65EA947B01bC66379bc4a7C5a07a8A3F.
[INFO] Verifying core contract contract deployment...
Nothing to compile
Successfully submitted source code for contract
contracts/engine/V3/GenArt721CoreV3_Engine.sol:GenArt721CoreV3_Engine at 0xdD1724761e8f291545EA18eE16cCB3f1dDD07466
for verification on the block explorer. Waiting for verification result...

Successfully verified contract GenArt721CoreV3_Engine on Etherscan.
https://goerli.arbiscan.io/address/0xdD1724761e8f291545EA18eE16cCB3f1dDD07466#code
[INFO] Core contract verified on Etherscan at 0xdD1724761e8f291545EA18eE16cCB3f1dDD07466}
[INFO] Verifying AdminACL contract deployment...
Compiled 222 Solidity files successfully
Successfully submitted source code for contract
contracts/AdminACLV1.sol:AdminACLV1 at 0xbDdE08BD57e5C9fD563eE7aC61618CB2ECdc0ce0
for verification on the block explorer. Waiting for verification result...

Successfully verified contract AdminACLV1 on Etherscan.
https://goerli.arbiscan.io/address/0xbDdE08BD57e5C9fD563eE7aC61618CB2ECdc0ce0#code
[INFO] AdminACL contract verified on Etherscan at 0xbDdE08BD57e5C9fD563eE7aC61618CB2ECdc0ce0}
[INFO] Verifying MinterFilter contract deployment...
The contract 0x2146A41F2c1432895d6D0ADF9c60BF0a226Bac0e has already been verified
[INFO] MinterFilter contract verified on Etherscan at 0x2146A41F2c1432895d6D0ADF9c60BF0a226Bac0e}
[INFO] Verifying MinterSetPriceV4 contract deployment...
The contract 0x47A91457a3a1f700097199Fd63c039c4784384aB has already been verified
[INFO] MinterSetPriceV4 contract verified on Etherscan at 0x47A91457a3a1f700097199Fd63c039c4784384aB}
[INFO] Verifying MinterDAExpSettlementV1 contract deployment...
Compiled 222 Solidity files successfully
Successfully submitted source code for contract
contracts/archive/minter-suite/Minters/MinterDAExpSettlement/MinterDAExpSettlementV1.sol:MinterDAExpSettlementV1 at 0xE8394175365Fd746Bb1179244a6F8e3398aa22FF
for verification on the block explorer. Waiting for verification result...

Successfully verified contract MinterDAExpSettlementV1 on Etherscan.
https://goerli.arbiscan.io/address/0xE8394175365Fd746Bb1179244a6F8e3398aa22FF#code
[INFO] MinterDAExpSettlementV1 contract verified on Etherscan at 0xE8394175365Fd746Bb1179244a6F8e3398aa22FF}
Created s3 bucket for https://concentric-art-arbitrum-goerli.s3.amazonaws.com
[INFO] Created image bucket concentric-art-arbitrum-goerli
[INFO] Deployment details written to /Users/jakerockland/Code/artblocks-contracts/packages/contracts/deployments/engine/V3/partners/variadic-labs/DEPLOYMENTS.md
Upserting 1 contract...
Contracts metadata upsert input:
{
  "address": "0xdd1724761e8f291545ea18ee16ccb3f1ddd07466",
  "name": "Concentric Art",
  "bucket_name": "concentric-art-arbitrum-goerli",
  "default_vertical_name": "fullyonchain"
}
Successfully upserted 1 contract
[ACTION] provider primary and secondary sales payment addresses remain as deployer addresses: 0xB8559AF91377e5BaB052A4E9a5088cB65a9a4d63. Update later as needed.
[ACTION] AdminACL's superAdmin address is 0x61F1Ca3F65EA947B01bC66379bc4a7C5a07a8A3F, don't forget to update if requred.
----------------------------------------
[INFO] Datetime of deployment: 2023-06-27T01:30:38.392Z
[INFO] Deployment configuration file: /Users/jakerockland/Code/artblocks-contracts/packages/contracts/deployments/engine/V3/partners/variadic-labs/deployment-config.arbitrum.ts
[INFO] Deploying to network: arbitrum
----------------------------------------
[INFO] Datetime of deployment: 2023-06-27T01:37:21.419Z
[INFO] Deployment configuration file: /Users/jakerockland/Code/artblocks-contracts/packages/contracts/deployments/engine/V3/partners/variadic-labs/deployment-config.arbitrum.ts
[INFO] Deploying to network: arbitrum
[INFO] Deploying to environment: arbitrum
[INFO] New Admin ACL AdminACLV1 deployed at address: 0xA1631F64d95b7dF046Ca3b00690A5e45DAe9527a
[INFO] Randomizer BasicRandomizerV2 deployed at 0x28f2D3805652FB5d359486dFfb7D08320D403240
[INFO] Core GenArt721CoreV3_Engine deployed at 0x7497909537cE00fDda93c12d5083D8647C593c67
[INFO] Minter Filter MinterFilterV1 deployed at 0xd9F14781F6cBA1F4FFB0743BcFd5fC860d1da847
[INFO] MinterSetPriceV4 deployed at 0x422f493D257e8eFab558137299a509d5a2702BBc
[INFO] MinterDAExpSettlementV1 deployed at 0xA84E2eFFfCFd1cbE01785Bd10aaEE520A68CD3DD
[INFO] Assigned randomizer to core and renounced ownership of randomizer
[INFO] Updated the Minter Filter on the Core contract to 0xd9F14781F6cBA1F4FFB0743BcFd5fC860d1da847.
[INFO] Allowlisted minter MinterSetPriceV4 at 0x422f493D257e8eFab558137299a509d5a2702BBc on minter filter.
[INFO] Allowlisted minter MinterDAExpSettlementV1 at 0xA84E2eFFfCFd1cbE01785Bd10aaEE520A68CD3DD on minter filter.
[INFO] Skipping adding placeholder initial project.
[INFO] Skipping adding placeholder initial token.
[INFO] Transferred superAdmin role on adminACL to 0x5E4b15b15563396940Cd5FC523707451743Deeac.
[INFO] Verifying core contract contract deployment...
Nothing to compile
Successfully submitted source code for contract
contracts/engine/V3/GenArt721CoreV3_Engine.sol:GenArt721CoreV3_Engine at 0x7497909537cE00fDda93c12d5083D8647C593c67
for verification on the block explorer. Waiting for verification result...

Successfully verified contract GenArt721CoreV3_Engine on Etherscan.
https://arbiscan.io/address/0x7497909537cE00fDda93c12d5083D8647C593c67#code
[INFO] Core contract verified on Etherscan at 0x7497909537cE00fDda93c12d5083D8647C593c67}
[INFO] Verifying AdminACL contract deployment...
Compiled 222 Solidity files successfully
Successfully submitted source code for contract
contracts/AdminACLV1.sol:AdminACLV1 at 0xA1631F64d95b7dF046Ca3b00690A5e45DAe9527a
for verification on the block explorer. Waiting for verification result...

Successfully verified contract AdminACLV1 on Etherscan.
https://arbiscan.io/address/0xA1631F64d95b7dF046Ca3b00690A5e45DAe9527a#code
[INFO] AdminACL contract verified on Etherscan at 0xA1631F64d95b7dF046Ca3b00690A5e45DAe9527a}
[INFO] Verifying MinterFilter contract deployment...
Compiled 222 Solidity files successfully
Successfully submitted source code for contract
contracts/minter-suite/MinterFilter/MinterFilterV1.sol:MinterFilterV1 at 0xd9F14781F6cBA1F4FFB0743BcFd5fC860d1da847
for verification on the block explorer. Waiting for verification result...

Successfully verified contract MinterFilterV1 on Etherscan.
https://arbiscan.io/address/0xd9F14781F6cBA1F4FFB0743BcFd5fC860d1da847#code
[INFO] MinterFilter contract verified on Etherscan at 0xd9F14781F6cBA1F4FFB0743BcFd5fC860d1da847}
[INFO] Verifying MinterSetPriceV4 contract deployment...
Compiled 222 Solidity files successfully
Successfully submitted source code for contract
contracts/minter-suite/Minters/MinterSetPriceV4.sol:MinterSetPriceV4 at 0x422f493D257e8eFab558137299a509d5a2702BBc
for verification on the block explorer. Waiting for verification result...

Successfully verified contract MinterSetPriceV4 on Etherscan.
https://arbiscan.io/address/0x422f493D257e8eFab558137299a509d5a2702BBc#code
[INFO] MinterSetPriceV4 contract verified on Etherscan at 0x422f493D257e8eFab558137299a509d5a2702BBc}
[INFO] Verifying MinterDAExpSettlementV1 contract deployment...
Compiled 222 Solidity files successfully
Successfully submitted source code for contract
contracts/archive/minter-suite/Minters/MinterDAExpSettlement/MinterDAExpSettlementV1.sol:MinterDAExpSettlementV1 at 0xA84E2eFFfCFd1cbE01785Bd10aaEE520A68CD3DD
for verification on the block explorer. Waiting for verification result...

Successfully verified contract MinterDAExpSettlementV1 on Etherscan.
https://arbiscan.io/address/0xA84E2eFFfCFd1cbE01785Bd10aaEE520A68CD3DD#code
[INFO] MinterDAExpSettlementV1 contract verified on Etherscan at 0xA84E2eFFfCFd1cbE01785Bd10aaEE520A68CD3DD}
Created s3 bucket for https://concentric-art-arbitrum.s3.amazonaws.com
----------------------------------------
[INFO] Datetime of deployment: 2023-12-08T00:51:29.837Z
[INFO] Deployment configuration file: /Users/benyo/Development/artblocks-contracts/packages/contracts/deployments/engine/V3/partners/sepolia/deployment-config-sepolia-migration.staging.ts
[INFO] New Admin ACL AdminACLV1 deployed at address: 0x8e0C9751BE63B23e5795b6f68ed3a654F0D44162
[INFO] Using shared Randomizer at 0x28f2D3805652FB5d359486dFfb7D08320D403240
[INFO] Core GenArt721CoreV3_Engine deployed at 0xE18F2247FE4A69c0E2210331B0604F6D10FecE9E
[INFO] Registered core contract 0xE18F2247FE4A69c0E2210331B0604F6D10FecE9E on core registry 0xdAe755c2944Ec125a0D8D5CB082c22837593441a
[INFO] Updated the Minter Filter on the Core contract to 0xa07f47c30C262adcC263A4D44595972c50e04db7.
[INFO] Skipping adding placeholder initial project.
[INFO] Skipping update of render provider split percentage primary, since it is already equal to the value of 10.
[INFO] Skipping update of render provider split percentage secondary, since it is already equal to the value of 250.
[INFO] Transferred superAdmin role on adminACL to 0x61F1Ca3F65EA947B01bC66379bc4a7C5a07a8A3F.
[INFO] Verifying core contract contract deployment...
Successfully submitted source code for contract
contracts/engine/V3/GenArt721CoreV3_Engine.sol:GenArt721CoreV3_Engine at 0xE18F2247FE4A69c0E2210331B0604F6D10FecE9E
for verification on the block explorer. Waiting for verification result...

Successfully verified contract GenArt721CoreV3_Engine on the block explorer.
https://sepolia.etherscan.io/address/0xE18F2247FE4A69c0E2210331B0604F6D10FecE9E#code

[INFO] Core contract verified on Etherscan at 0xE18F2247FE4A69c0E2210331B0604F6D10FecE9E}
[INFO] Verifying AdminACL contract deployment...
The contract 0x8e0C9751BE63B23e5795b6f68ed3a654F0D44162 has already been verified on Etherscan.
https://sepolia.etherscan.io/address/0x8e0C9751BE63B23e5795b6f68ed3a654F0D44162#code
[INFO] AdminACL contract verified on Etherscan at 0x8e0C9751BE63B23e5795b6f68ed3a654F0D44162
Created s3 bucket for https://concentric-art-sepolia.s3.amazonaws.com
[INFO] Created image bucket concentric-art-sepolia
[INFO] Deployment details written to /Users/benyo/Development/artblocks-contracts/packages/contracts/deployments/engine/V3/partners/sepolia/DEPLOYMENTS.md
Upserting 1 contract...
Contracts metadata upsert input:
{
  "address": "0xe18f2247fe4a69c0e2210331b0604f6d10fece9e",
  "name": "Concentric Art",
  "bucket_name": "concentric-art-sepolia",
  "default_vertical_name": "fullyonchain"
}
Successfully upserted 1 contract
[ACTION] provider primary and secondary sales payment addresses remain as deployer addresses: 0x00df4E8d293d57718aac0B18cBfBE128c5d484Ef. Update later as needed.
[ACTION] AdminACL's superAdmin address is 0x61F1Ca3F65EA947B01bC66379bc4a7C5a07a8A3F, don't forget to update if requred.
