----------------------------------------
[INFO] Datetime of deployment: 2023-04-28T01:19:21.586Z
[INFO] Deployment configuration file: /Users/jakerockland/Code/artblocks-contracts/deployments/engine/V3/partners/variadic-labs/deployment-config.staging.ts
[INFO] Deploying to network: goerli
[INFO] Deploying to environment: staging
[INFO] New Admin ACL AdminACLV1 deployed at address: 0xd7742cfEeb84F34F81E6C64b35744f3C37d83d75
[INFO] Randomizer BasicRandomizerV2 deployed at 0x2b485d2b98DEe0F84F2b57f923F2266013117752
[INFO] Core GenArt721CoreV3_Engine deployed at 0xF03511eC774289DA497CDb2070Df4c711580fF7A
[INFO] Minter Filter MinterFilterV1 deployed at 0xA2399239A381B0B71CD3DF5f31288ea64A36D805
[INFO] MinterSetPriceV4 deployed at 0xCe12d6eBacbdDE8927F240822CCbdc2108016d6F
[INFO] MinterDAExpSettlementV1 deployed at 0xAfEEaf186D1Df3E61daAe951Be3D57a492aCbd3e
[INFO] Assigned randomizer to core and renounced ownership of randomizer
[INFO] Updated the Minter Filter on the Core contract to 0xA2399239A381B0B71CD3DF5f31288ea64A36D805.
[INFO] Allowlisted minter MinterSetPriceV4 at 0xCe12d6eBacbdDE8927F240822CCbdc2108016d6F on minter filter.
[INFO] Allowlisted minter MinterDAExpSettlementV1 at 0xAfEEaf186D1Df3E61daAe951Be3D57a492aCbd3e on minter filter.
[INFO] Skipping adding placeholder initial project.
[INFO] Skipping adding placeholder initial token.
[INFO] Transferred superAdmin role on adminACL to 0x61F1Ca3F65EA947B01bC66379bc4a7C5a07a8A3F.
[INFO] Verifying core contract contract deployment...
Nothing to compile
Successfully submitted source code for contract
contracts/engine/V3/GenArt721CoreV3_Engine.sol:GenArt721CoreV3_Engine at 0xF03511eC774289DA497CDb2070Df4c711580fF7A
for verification on the block explorer. Waiting for verification result...

