----------------------------------------
[INFO] Datetime of deployment: 2024-02-15T15:10:52.523Z
[INFO] Deployment configuration file: /Users/lindsaygilbert/Documents/Projects/artblocks-contracts/packages/contracts/deployments/engine/V3/partners/rfunc/deployment-config.sepolia-staging.ts
[INFO] Deploying to network: sepolia
[INFO] Deploying to environment: staging
[INFO] New Admin ACL AdminACLV1 deployed at address: 0x42badA219a0993a3289F6b1CDa1Ee95A216CF82c
[INFO] Using shared Randomizer at 0x28f2D3805652FB5d359486dFfb7D08320D403240
[INFO] Core GenArt721CoreV3_Engine deployed at 0x8B3Aa0e225267fF759A4FD560368b2eEA5da1d14
[INFO] Registered core contract 0x8B3Aa0e225267fF759A4FD560368b2eEA5da1d14 on core registry 0xdAe755c2944Ec125a0D8D5CB082c22837593441a
[INFO] Updated the Minter Filter on the Core contract to 0xa07f47c30C262adcC263A4D44595972c50e04db7.
[INFO] Skipping adding placeholder initial project.
[INFO] Skipping update of render provider split percentage primary, since it is already equal to the value of 10.
[INFO] Skipping update of render provider split percentage secondary, since it is already equal to the value of 250.
[INFO] Transferred superAdmin role on adminACL to 0x581420a87f00b4B552a3A261e21878Ea5c27e97f.
[INFO] Verifying core contract contract deployment...
The contract 0x8B3Aa0e225267fF759A4FD560368b2eEA5da1d14 has already been verified on Etherscan.
https://sepolia.etherscan.io/address/0x8B3Aa0e225267fF759A4FD560368b2eEA5da1d14#code
[INFO] Core contract verified on Etherscan at 0x8B3Aa0e225267fF759A4FD560368b2eEA5da1d14}
[INFO] Verifying AdminACL contract deployment...
The contract 0x42badA219a0993a3289F6b1CDa1Ee95A216CF82c has already been verified on Etherscan.
https://sepolia.etherscan.io/address/0x42badA219a0993a3289F6b1CDa1Ee95A216CF82c#code
[INFO] AdminACL contract verified on Etherscan at 0x42badA219a0993a3289F6b1CDa1Ee95A216CF82c
Created s3 bucket for https://rfunc-sepolia.s3.amazonaws.com
[INFO] Created image bucket rfunc-sepolia
[INFO] Deployment details written to /Users/lindsaygilbert/Documents/Projects/artblocks-contracts/packages/contracts/deployments/engine/V3/partners/rfunc/DEPLOYMENTS.md
Upserting 1 contract...
Contracts metadata upsert input:
{
  "address": "0x8b3aa0e225267ff759a4fd560368b2eea5da1d14",
  "name": "RFUNC",
  "bucket_name": "rfunc-sepolia",
  "default_vertical_name": "fullyonchain"
}
Successfully upserted 1 contract
[ACTION] provider primary and secondary sales payment addresses remain as deployer addresses: 0x00df4E8d293d57718aac0B18cBfBE128c5d484Ef. Update later as needed.
[ACTION] AdminACL's superAdmin address is 0x581420a87f00b4B552a3A261e21878Ea5c27e97f, don't forget to update if requred.
----------------------------------------
[INFO] Datetime of deployment: 2024-02-15T15:37:47.867Z
[INFO] Deployment configuration file: /Users/lindsaygilbert/Documents/Projects/artblocks-contracts/packages/contracts/deployments/engine/V3/partners/rfunc/deployment-config.mainnet.ts
[INFO] Deploying to network: mainnet
[INFO] Deploying to environment: mainnet
[INFO] New Admin ACL AdminACLV1 deployed at address: 0xb1412e166Ca0aB160d6B1e38062C75F1fa5bCCeA
[INFO] Using shared Randomizer at 0x13178A7a8A1A9460dBE39f7eCcEbD91B31752b91
[INFO] Core GenArt721CoreV3_Engine deployed at 0x4982D9A890BB286A0664A8af3b896bE8403DCca4
[INFO] Registered core contract 0x4982D9A890BB286A0664A8af3b896bE8403DCca4 on core registry 0x2eE7B9bB2E038bE7323A119701A191c030A61ec6
[INFO] Updated the Minter Filter on the Core contract to 0xa2ccfE293bc2CDD78D8166a82D1e18cD2148122b.
[INFO] Skipping adding placeholder initial project.
[INFO] Skipping update of render provider split percentage primary, since it is already equal to the value of 10.
[INFO] Skipping update of render provider split percentage secondary, since it is already equal to the value of 250.
[INFO] Transferred superAdmin role on adminACL to 0x71fE505119c43b5c5812E1c1197876976e3a05aE.
[INFO] Verifying core contract contract deployment...
The contract 0x4982D9A890BB286A0664A8af3b896bE8403DCca4 has already been verified on Etherscan.
https://etherscan.io/address/0x4982D9A890BB286A0664A8af3b896bE8403DCca4#code
[INFO] Core contract verified on Etherscan at 0x4982D9A890BB286A0664A8af3b896bE8403DCca4}
[INFO] Verifying AdminACL contract deployment...
The contract 0xb1412e166Ca0aB160d6B1e38062C75F1fa5bCCeA has already been verified on Etherscan.
https://etherscan.io/address/0xb1412e166Ca0aB160d6B1e38062C75F1fa5bCCeA#code
[INFO] AdminACL contract verified on Etherscan at 0xb1412e166Ca0aB160d6B1e38062C75F1fa5bCCeA
Created s3 bucket for https://rfunc-mainnet.s3.amazonaws.com
[INFO] Created image bucket rfunc-mainnet
[INFO] Deployment details written to /Users/lindsaygilbert/Documents/Projects/artblocks-contracts/packages/contracts/deployments/engine/V3/partners/rfunc/DEPLOYMENTS.md
Upserting 1 contract...
Contracts metadata upsert input:
{
  "address": "0x4982d9a890bb286a0664a8af3b896be8403dcca4",
  "name": "RFUNC",
  "bucket_name": "rfunc-mainnet",
  "default_vertical_name": "fullyonchain"
}
Successfully upserted 1 contract
[ACTION] AdminACL's superAdmin address is 0x71fE505119c43b5c5812E1c1197876976e3a05aE, don't forget to update if requred.
