----------------------------------------
[INFO] Datetime of deployment: 2023-03-29T02:58:09.118Z
[INFO] Deployment configuration file: /Users/jakerockland/Code/artblocks-contracts/deployments/engine/V3/partners/tender-flex/deployment-config.dev.ts
[INFO] Deploying to network: goerli
[INFO] Deploying to environment: staging
[INFO] New Admin ACL AdminACLV0 deployed at address: 0xB5314542DeB96e71ae2DAdBA7917640Ffc623328
[INFO] Randomizer BasicRandomizerV2 deployed at 0x7531643CF162A8E14B6DDb1eb64e4FF470804072
[INFO] Core GenArt721CoreV3_Engine_Flex deployed at 0xFd0d90a09F8a994A4BAF0896685aaB3275C70Db1
[INFO] Minter Filter MinterFilterV1 deployed at 0x355C1eB98b95B00203BBF66C54184E7AC88652EC
[INFO] MinterDAExpSettlementV2 deployed at 0x324BC45C9f257F177166bE4f6E7d2F551b5a1F03
[INFO] MinterMerkleV5 deployed at 0xdAF93f2B04960D3d54878FF67616163b6066D494
[INFO] Assigned randomizer to core and renounced ownership of randomizer
[INFO] Updated the Minter Filter on the Core contract to 0x355C1eB98b95B00203BBF66C54184E7AC88652EC.
[INFO] Allowlisted minter MinterDAExpSettlementV2 at 0x324BC45C9f257F177166bE4f6E7d2F551b5a1F03 on minter filter.
[INFO] Allowlisted minter MinterMerkleV5 at 0xdAF93f2B04960D3d54878FF67616163b6066D494 on minter filter.
[INFO] Skipping adding placeholder initial project.
[INFO] Skipping adding placeholder initial token.
[INFO] Transferred superAdmin role on adminACL to 0xFdc45dae01d1F9EF394b33c227BA9489795d148B.
[INFO] Verifying core contract contract deployment...
The contract 0xFd0d90a09F8a994A4BAF0896685aaB3275C70Db1 has already been verified
[INFO] Core contract verified on Etherscan at 0xFd0d90a09F8a994A4BAF0896685aaB3275C70Db1}
[INFO] Verifying AdminACL contract deployment...
The contract 0xB5314542DeB96e71ae2DAdBA7917640Ffc623328 has already been verified
[INFO] AdminACL contract verified on Etherscan at 0xB5314542DeB96e71ae2DAdBA7917640Ffc623328}
[INFO] Verifying MinterFilter contract deployment...
The contract 0x355C1eB98b95B00203BBF66C54184E7AC88652EC has already been verified
[INFO] MinterFilter contract verified on Etherscan at 0x355C1eB98b95B00203BBF66C54184E7AC88652EC}
[INFO] Verifying MinterDAExpSettlementV2 contract deployment...
The contract 0x324BC45C9f257F177166bE4f6E7d2F551b5a1F03 has already been verified
[INFO] MinterDAExpSettlementV2 contract verified on Etherscan at 0x324BC45C9f257F177166bE4f6E7d2F551b5a1F03}
[INFO] Verifying MinterMerkleV5 contract deployment...
The contract 0xdAF93f2B04960D3d54878FF67616163b6066D494 has already been verified
[INFO] MinterMerkleV5 contract verified on Etherscan at 0xdAF93f2B04960D3d54878FF67616163b6066D494}
Created s3 bucket for https://tenderflexv3-goerli.s3.amazonaws.com
[INFO] Created image bucket tenderflexv3-goerli
[INFO] Deployment details written to /Users/jakerockland/Code/artblocks-contracts/deployments/engine/V3/partners/tender-flex/DEPLOYMENTS.md
Upserting 1 contract...
Contracts metadata upsert input:
{
  "address": "0xfd0d90a09f8a994a4baf0896685aab3275c70db1",
  "name": "TenderFlexV3",
  "bucket_name": "tenderflexv3-goerli",
  "default_vertical_name": "flex"
}
Successfully upserted 1 contract
[ACTION] provider primary and secondary sales payment addresses remain as deployer addresses: 0xB8559AF91377e5BaB052A4E9a5088cB65a9a4d63. Update later as needed.
[ACTION] AdminACL's superAdmin address is 0xB8559AF91377e5BaB052A4E9a5088cB65a9a4d63, don't forget to update if requred.
