----------------------------------------
[INFO] Datetime of minter deployment: 2023-10-19T22:12:13.584Z
[INFO] Minter deployment configuration file: /Users/ryleyohlsen/Documents/GitHub/artblocks-contracts/packages/contracts/deployments/engine/V3/partners/hackatao-flex/minter-deploy-config.staging.ts
[INFO] Deploying to network: goerli
[INFO] Deploying MinterSetPriceV4 with deploy args [0xB7168235De560F3c1730e26F2A4d45179f059906,0x07580B8f821C6FEAF8f122b32A51682F485198C3]...
[INFO] MinterSetPriceV4 deployed at 0xADd8eC58960DA8c293e21095255D86fb48a6dD2d
Error: cannot estimate gas; transaction may fail or may require manual gas limit [ See: https://links.ethers.org/v5-errors-UNPREDICTABLE_GAS_LIMIT ] (reason="execution reverted: Only Core AdminACL allowed", method="estimateGas", transaction={"from":"0xB8559AF91377e5BaB052A4E9a5088cB65a9a4d63","to":"0x07580B8f821C6FEAF8f122b32A51682F485198C3","data":"0xbee4d106000000000000000000000000add8ec58960da8c293e21095255d86fb48a6dd2d","accessList":null}, error={"name":"ProviderError","_stack":"ProviderError: execution reverted: Only Core AdminACL allowed\n    at HttpProvider.request (/Users/ryleyohlsen/Documents/GitHub/artblocks-contracts/node_modules/hardhat/src/internal/core/providers/http.ts:88:21)\n    at processTicksAndRejections (node:internal/process/task_queues:96:5)\n    at EthersProviderWrapper.send (/Users/ryleyohlsen/Documents/GitHub/artblocks-contracts/node_modules/@nomiclabs/hardhat-ethers/src/internal/ethers-provider-wrapper.ts:13:20)","code":3,"_isProviderError":true,"data":"0x08c379a00000000000000000000000000000000000000000000000000000000000000020000000000000000000000000000000000000000000000000000000000000001a4f6e6c7920436f72652041646d696e41434c20616c6c6f776564000000000000"}, code=UNPREDICTABLE_GAS_LIMIT, version=providers/5.7.2)
    at Logger.makeError (/Users/ryleyohlsen/Documents/GitHub/artblocks-contracts/node_modules/@ethersproject/logger/src.ts/index.ts:269:28)
    at Logger.throwError (/Users/ryleyohlsen/Documents/GitHub/artblocks-contracts/node_modules/@ethersproject/logger/src.ts/index.ts:281:20)
    at checkError (/Users/ryleyohlsen/Documents/GitHub/artblocks-contracts/node_modules/@ethersproject/providers/src.ts/json-rpc-provider.ts:78:20)
    at EthersProviderWrapper.<anonymous> (/Users/ryleyohlsen/Documents/GitHub/artblocks-contracts/node_modules/@ethersproject/providers/src.ts/json-rpc-provider.ts:642:20)
    at step (/Users/ryleyohlsen/Documents/GitHub/artblocks-contracts/node_modules/@ethersproject/providers/lib/json-rpc-provider.js:48:23)
    at Object.throw (/Users/ryleyohlsen/Documents/GitHub/artblocks-contracts/node_modules/@ethersproject/providers/lib/json-rpc-provider.js:29:53)
    at rejected (/Users/ryleyohlsen/Documents/GitHub/artblocks-contracts/node_modules/@ethersproject/providers/lib/json-rpc-provider.js:21:65)
    at processTicksAndRejections (node:internal/process/task_queues:96:5) {
  reason: 'execution reverted: Only Core AdminACL allowed',
  code: 'UNPREDICTABLE_GAS_LIMIT',
  method: 'estimateGas',
  transaction: {
    from: '0xB8559AF91377e5BaB052A4E9a5088cB65a9a4d63',
    to: '0x07580B8f821C6FEAF8f122b32A51682F485198C3',
    data: '0xbee4d106000000000000000000000000add8ec58960da8c293e21095255d86fb48a6dd2d',
    accessList: null
  },
  error: ProviderError: execution reverted: Only Core AdminACL allowed
      at HttpProvider.request (/Users/ryleyohlsen/Documents/GitHub/artblocks-contracts/node_modules/hardhat/src/internal/core/providers/http.ts:88:21)
      at processTicksAndRejections (node:internal/process/task_queues:96:5)
      at EthersProviderWrapper.send (/Users/ryleyohlsen/Documents/GitHub/artblocks-contracts/node_modules/@nomiclabs/hardhat-ethers/src/internal/ethers-provider-wrapper.ts:13:20)
}
[ERROR] unable to allowlist the new minter on the minter filter at 0x07580B8f821C6FEAF8f122b32A51682F485198C3
[INFO] this may be because the minter filter has already been transferred to a partner's wallet
[INFO] Verifying MinterSetPriceV4 contract deployment...
Nothing to compile
Successfully submitted source code for contract
contracts/minter-suite/Minters/MinterSetPriceV4.sol:MinterSetPriceV4 at 0xADd8eC58960DA8c293e21095255D86fb48a6dD2d
for verification on the block explorer. Waiting for verification result...

Successfully verified contract MinterSetPriceV4 on Etherscan.
https://goerli.etherscan.io/address/0xADd8eC58960DA8c293e21095255D86fb48a6dD2d#code
[INFO] MinterSetPriceV4 contract verified on Etherscan at 0xADd8eC58960DA8c293e21095255D86fb48a6dD2d
[INFO] Minter deployment details written/appended to /Users/ryleyohlsen/Documents/GitHub/artblocks-contracts/packages/contracts/deployments/engine/V3/partners/hackatao-flex/DEPLOYMENTS.md
[INFO] Completed minter deployment! MinterSetPriceV4 deployed to 0xADd8eC58960DA8c293e21095255D86fb48a6dD2d, and allowlisted on the minter filter at 0x07580B8f821C6FEAF8f122b32A51682F485198C3
[ACTION] If this minter is to be indexed in a subgraph, ensure it is added to the subgraph's config.
[ACTION] The minter was not able to be allowlisted on the minter filter, ensure the minter filter is updated by appropriate admin.
