----------------------------------------
[INFO] Datetime of deployment: 2024-01-12T16:17:56.188Z
[INFO] Deployment configuration file: /Users/lindsaygilbert/Documents/Projects/artblocks-contracts/packages/contracts/deployments/engine/V3/partners/legends-metaterra/deployment-config.sepolia-staging.ts
[INFO] Deploying to network: sepolia
[INFO] Deploying to environment: staging
[INFO] New Admin ACL AdminACLV1 deployed at address: 0xc83Ed1F50333594157006cF242baD37Ee0EA49E5
[INFO] Using shared Randomizer at 0x28f2D3805652FB5d359486dFfb7D08320D403240
[INFO] Core GenArt721CoreV3_Engine deployed at 0xdd8990C724B7c1738A6ED4f5648793B5Ca0B9D7A
[INFO] Registered core contract 0xdd8990C724B7c1738A6ED4f5648793B5Ca0B9D7A on core registry 0xdAe755c2944Ec125a0D8D5CB082c22837593441a
[INFO] Updated the Minter Filter on the Core contract to 0xa07f47c30C262adcC263A4D44595972c50e04db7.
[INFO] Skipping adding placeholder initial project.
[INFO] Skipping update of render provider split percentage primary, since it is already equal to the value of 10.
[INFO] Skipping update of render provider split percentage secondary, since it is already equal to the value of 250.
[INFO] Transferred superAdmin role on adminACL to 0xe18Fc96ba325Ef22746aDA9A82d521845a2c16f8.
[INFO] Verifying core contract contract deployment...
The contract 0xdd8990C724B7c1738A6ED4f5648793B5Ca0B9D7A has already been verified on Etherscan.
https://sepolia.etherscan.io/address/0xdd8990C724B7c1738A6ED4f5648793B5Ca0B9D7A#code
[INFO] Core contract verified on Etherscan at 0xdd8990C724B7c1738A6ED4f5648793B5Ca0B9D7A}
[INFO] Verifying AdminACL contract deployment...
The contract 0xc83Ed1F50333594157006cF242baD37Ee0EA49E5 has already been verified on Etherscan.
https://sepolia.etherscan.io/address/0xc83Ed1F50333594157006cF242baD37Ee0EA49E5#code
[INFO] AdminACL contract verified on Etherscan at 0xc83Ed1F50333594157006cF242baD37Ee0EA49E5
Created s3 bucket for https://legends-of-metaterra-pbab-sepolia.s3.amazonaws.com
[INFO] Created image bucket legends-of-metaterra-pbab-sepolia
[INFO] Deployment details written to /Users/lindsaygilbert/Documents/Projects/artblocks-contracts/packages/contracts/deployments/engine/V3/partners/legends-metaterra/DEPLOYMENTS.md
Upserting 1 contract...
Contracts metadata upsert input:
{
  "address": "0xdd8990c724b7c1738a6ed4f5648793b5ca0b9d7a",
  "name": "Legends of Metaterra PBAB",
  "bucket_name": "legends-of-metaterra-pbab-sepolia",
  "default_vertical_name": "fullyonchain"
}
Successfully upserted 1 contract
[ACTION] provider primary and secondary sales payment addresses remain as deployer addresses: 0x00df4E8d293d57718aac0B18cBfBE128c5d484Ef. Update later as needed.
[ACTION] AdminACL's superAdmin address is 0xe18Fc96ba325Ef22746aDA9A82d521845a2c16f8, don't forget to update if requred.
