----------------------------------------
[INFO] Datetime of deployment: 2023-04-28T01:26:21.155Z
[INFO] Deployment configuration file: /Users/jakerockland/Code/artblocks-contracts/deployments/engine/V3/partners/axiom/deployment-config.staging.ts
[INFO] Deploying to network: goerli
[INFO] Deploying to environment: staging
[INFO] New Admin ACL AdminACLV1 deployed at address: 0x959bc2976AbEaafD3e680bdBe39406CA548C10b0
[INFO] Randomizer BasicRandomizerV2 deployed at 0x3b7954A19111bfd01B927c6C7D973E52AC609e53
[INFO] Core GenArt721CoreV3_Engine deployed at 0xd6c97e2CA3d2ecE73Eaee6CA7F66faF89F74c98A
[INFO] Minter Filter MinterFilterV1 deployed at 0x77D4b54e91822E9799AB0900876D6B1cdA752706
[INFO] MinterSetPriceV4 deployed at 0x3b8f62893FfD0aD191DdFD2E4e132F7933EA4EF1
[INFO] Assigned randomizer to core and renounced ownership of randomizer
[INFO] Updated the Minter Filter on the Core contract to 0x77D4b54e91822E9799AB0900876D6B1cdA752706.
[INFO] Allowlisted minter MinterSetPriceV4 at 0x3b8f62893FfD0aD191DdFD2E4e132F7933EA4EF1 on minter filter.
[INFO] Skipping adding placeholder initial project.
[INFO] Skipping adding placeholder initial token.
[INFO] Transferred superAdmin role on adminACL to 0xbF826ed6D0F74278b81056C45e21928a374051ba.
[INFO] Verifying core contract contract deployment...
The contract 0xd6c97e2CA3d2ecE73Eaee6CA7F66faF89F74c98A has already been verified
[INFO] Core contract verified on Etherscan at 0xd6c97e2CA3d2ecE73Eaee6CA7F66faF89F74c98A}
[INFO] Verifying AdminACL contract deployment...
The contract 0x959bc2976AbEaafD3e680bdBe39406CA548C10b0 has already been verified
[INFO] AdminACL contract verified on Etherscan at 0x959bc2976AbEaafD3e680bdBe39406CA548C10b0}
[INFO] Verifying MinterFilter contract deployment...
The contract 0x77D4b54e91822E9799AB0900876D6B1cdA752706 has already been verified
[INFO] MinterFilter contract verified on Etherscan at 0x77D4b54e91822E9799AB0900876D6B1cdA752706}
[INFO] Verifying MinterSetPriceV4 contract deployment...
The contract 0x3b8f62893FfD0aD191DdFD2E4e132F7933EA4EF1 has already been verified
[INFO] MinterSetPriceV4 contract verified on Etherscan at 0x3b8f62893FfD0aD191DdFD2E4e132F7933EA4EF1}
Created s3 bucket for https://axiom-space3-goerli.s3.amazonaws.com
[INFO] Created image bucket axiom-space3-goerli
[INFO] Deployment details written to /Users/jakerockland/Code/artblocks-contracts/deployments/engine/V3/partners/axiom/DEPLOYMENTS.md
Upserting 1 contract...
Contracts metadata upsert input:
{
  "address": "0xd6c97e2ca3d2ece73eaee6ca7f66faf89f74c98a",
  "name": "Axiom Space3",
  "bucket_name": "axiom-space3-goerli",
  "default_vertical_name": "fullyonchain"
}
Successfully upserted 1 contract
[ACTION] provider primary and secondary sales payment addresses remain as deployer addresses: 0xB8559AF91377e5BaB052A4E9a5088cB65a9a4d63. Update later as needed.
[ACTION] AdminACL's superAdmin address is 0xB8559AF91377e5BaB052A4E9a5088cB65a9a4d63, don't forget to update if requred.
