----------------------------------------
[INFO] Datetime of deployment: 2023-12-08T19:08:24.787Z
[INFO] Deployment configuration file: /Users/benyo/Development/artblocks-contracts/packages/contracts/deployments/engine/V3/partners/artcode/deployment-config.sepolia-staging.ts
[INFO] Deploying to network: sepolia
[INFO] Deploying to environment: staging
[INFO] New Admin ACL AdminACLV1 deployed at address: 0xd2Ace49C47fCE79a1acD76DA477E06cf76A11d8F
[INFO] Using shared Randomizer at 0x28f2D3805652FB5d359486dFfb7D08320D403240
[INFO] Core GenArt721CoreV3_Engine deployed at 0x8bd3fbe2864223a0A63ABD4C76fFA4c09520576A
[INFO] Registered core contract 0x8bd3fbe2864223a0A63ABD4C76fFA4c09520576A on core registry 0xdAe755c2944Ec125a0D8D5CB082c22837593441a
[INFO] Updated the Minter Filter on the Core contract to 0xa07f47c30C262adcC263A4D44595972c50e04db7.
[INFO] Skipping adding placeholder initial project.
[INFO] Skipping update of render provider split percentage primary, since it is already equal to the value of 10.
[INFO] Skipping update of render provider split percentage secondary, since it is already equal to the value of 250.
[INFO] Transferred superAdmin role on adminACL to 0xe19a6c81be025dddc209764a18a3fdcd71253d7d.
[INFO] Verifying core contract contract deployment...
The contract 0x8bd3fbe2864223a0A63ABD4C76fFA4c09520576A has already been verified on Etherscan.
https://sepolia.etherscan.io/address/0x8bd3fbe2864223a0A63ABD4C76fFA4c09520576A#code
[INFO] Core contract verified on Etherscan at 0x8bd3fbe2864223a0A63ABD4C76fFA4c09520576A}
[INFO] Verifying AdminACL contract deployment...
The contract 0xd2Ace49C47fCE79a1acD76DA477E06cf76A11d8F has already been verified on Etherscan.
https://sepolia.etherscan.io/address/0xd2Ace49C47fCE79a1acD76DA477E06cf76A11d8F#code
[INFO] AdminACL contract verified on Etherscan at 0xd2Ace49C47fCE79a1acD76DA477E06cf76A11d8F
Created s3 bucket for https://artcode-sepolia.s3.amazonaws.com
[INFO] Created image bucket artcode-sepolia
[INFO] Deployment details written to /Users/benyo/Development/artblocks-contracts/packages/contracts/deployments/engine/V3/partners/artcode/DEPLOYMENTS.md
Upserting 1 contract...
Contracts metadata upsert input:
{
  "address": "0x8bd3fbe2864223a0a63abd4c76ffa4c09520576a",
  "name": "ARTCODE",
  "bucket_name": "artcode-sepolia",
  "default_vertical_name": "fullyonchain"
}
Successfully upserted 1 contract
[ACTION] provider primary and secondary sales payment addresses remain as deployer addresses: 0x00df4E8d293d57718aac0B18cBfBE128c5d484Ef. Update later as needed.
[ACTION] AdminACL's superAdmin address is 0xe19a6C81BE025dDdC209764a18A3fdcd71253d7D, don't forget to update if requred.
