----------------------------------------
[INFO] Datetime of deployment: 2023-03-29T02:58:09.118Z
[INFO] Deployment configuration file: /Users/jakerockland/Code/artblocks-contracts/deployments/engine/V3/partners/tender-flex/deployment-config.dev.ts
[INFO] Deploying to network: goerli
[INFO] Deploying to environment: staging
[INFO] New Admin ACL AdminACLV0 deployed at address: 0xB5314542DeB96e71ae2DAdBA7917640Ffc623328
[INFO] Randomizer BasicRandomizerV2 deployed at 0x7531643CF162A8E14B6DDb1eb64e4FF470804072
[INFO] Core GenArt721CoreV3_Engine_Flex deployed at 0xFd0d90a09F8a994A4BAF0896685aaB3275C70Db1
[INFO] Minter Filter MinterFilterV1 deployed at 0x355C1eB98b95B00203BBF66C54184E7AC88652EC
[INFO] MinterDAExpSettlementV2 deployed at 0x324BC45C9f257F177166bE4f6E7d2F551b5a1F03
[INFO] MinterMerkleV5 deployed at 0xdAF93f2B04960D3d54878FF67616163b6066D494
[INFO] Assigned randomizer to core and renounced ownership of randomizer
[INFO] Updated the Minter Filter on the Core contract to 0x355C1eB98b95B00203BBF66C54184E7AC88652EC.
[INFO] Allowlisted minter MinterDAExpSettlementV2 at 0x324BC45C9f257F177166bE4f6E7d2F551b5a1F03 on minter filter.
[INFO] Allowlisted minter MinterMerkleV5 at 0xdAF93f2B04960D3d54878FF67616163b6066D494 on minter filter.
[INFO] Skipping adding placeholder initial project.
[INFO] Skipping adding placeholder initial token.
[INFO] Transferred superAdmin role on adminACL to 0xFdc45dae01d1F9EF394b33c227BA9489795d148B.
[INFO] Verifying core contract contract deployment...
The contract 0xFd0d90a09F8a994A4BAF0896685aaB3275C70Db1 has already been verified
[INFO] Core contract verified on Etherscan at 0xFd0d90a09F8a994A4BAF0896685aaB3275C70Db1}
[INFO] Verifying AdminACL contract deployment...
The contract 0xB5314542DeB96e71ae2DAdBA7917640Ffc623328 has already been verified
[INFO] AdminACL contract verified on Etherscan at 0xB5314542DeB96e71ae2DAdBA7917640Ffc623328}
[INFO] Verifying MinterFilter contract deployment...
The contract 0x355C1eB98b95B00203BBF66C54184E7AC88652EC has already been verified
[INFO] MinterFilter contract verified on Etherscan at 0x355C1eB98b95B00203BBF66C54184E7AC88652EC}
[INFO] Verifying MinterDAExpSettlementV2 contract deployment...
The contract 0x324BC45C9f257F177166bE4f6E7d2F551b5a1F03 has already been verified
[INFO] MinterDAExpSettlementV2 contract verified on Etherscan at 0x324BC45C9f257F177166bE4f6E7d2F551b5a1F03}
[INFO] Verifying MinterMerkleV5 contract deployment...
The contract 0xdAF93f2B04960D3d54878FF67616163b6066D494 has already been verified
[INFO] MinterMerkleV5 contract verified on Etherscan at 0xdAF93f2B04960D3d54878FF67616163b6066D494}
Created s3 bucket for https://tenderflexv3-goerli.s3.amazonaws.com
[INFO] Created image bucket tenderflexv3-goerli
[INFO] Deployment details written to /Users/jakerockland/Code/artblocks-contracts/deployments/engine/V3/partners/tender-flex/DEPLOYMENTS.md
Upserting 1 contract...
Contracts metadata upsert input:
{
  "address": "0xfd0d90a09f8a994a4baf0896685aab3275c70db1",
  "name": "TenderFlexV3",
  "bucket_name": "tenderflexv3-goerli",
  "default_vertical_name": "flex"
}
Successfully upserted 1 contract
[ACTION] provider primary and secondary sales payment addresses remain as deployer addresses: 0xB8559AF91377e5BaB052A4E9a5088cB65a9a4d63. Update later as needed.
[ACTION] AdminACL's superAdmin address is 0xB8559AF91377e5BaB052A4E9a5088cB65a9a4d63, don't forget to update if requred.
----------------------------------------
[INFO] Datetime of deployment: 2023-04-14T18:00:31.969Z
[INFO] Deployment configuration file: /Users/jakerockland/Code/artblocks-contracts/deployments/engine/V3/partners/tender-flex/deployment-config.mainnet.ts
[INFO] Deploying to network: mainnet
[INFO] Deploying to environment: mainnet
[INFO] New Admin ACL AdminACLV1 deployed at address: 0x3947F422386f82e44015991220E033Ad2d4b7be5
[INFO] Randomizer BasicRandomizerV2 deployed at 0x4CaD2597A555D3DE82B9E8A59D6da8C1610B2e24
[INFO] Core GenArt721CoreV3_Engine_Flex deployed at 0x959d2F3cAF19d20BDBb4e0A4f21cA8A815EDDF65
[INFO] Minter Filter MinterFilterV1 deployed at 0x3b90746ac1ccBFC5D6aC3a09d9930Dc3B224a0F9
[INFO] MinterDAExpSettlementV1 deployed at 0xAf08abB36Dcb69De935D3292f85347B5e18349A4
[INFO] MinterMerkleV5 deployed at 0xeCBc7839b2bC78aC5f76d7cCFD02329e184e44A8
[INFO] Assigned randomizer to core and renounced ownership of randomizer
[INFO] Updated the Minter Filter on the Core contract to 0x3b90746ac1ccBFC5D6aC3a09d9930Dc3B224a0F9.
[INFO] Allowlisted minter MinterDAExpSettlementV1 at 0xAf08abB36Dcb69De935D3292f85347B5e18349A4 on minter filter.
[INFO] Allowlisted minter MinterMerkleV5 at 0xeCBc7839b2bC78aC5f76d7cCFD02329e184e44A8 on minter filter.
[INFO] Skipping adding placeholder initial project.
[INFO] Skipping adding placeholder initial token.
[INFO] Transferred superAdmin role on adminACL to 0xFdc45dae01d1F9EF394b33c227BA9489795d148B.
[INFO] Verifying core contract contract deployment...
The contract 0x959d2F3cAF19d20BDBb4e0A4f21cA8A815EDDF65 has already been verified
[INFO] Core contract verified on Etherscan at 0x959d2F3cAF19d20BDBb4e0A4f21cA8A815EDDF65}
[INFO] Verifying AdminACL contract deployment...
The contract 0x3947F422386f82e44015991220E033Ad2d4b7be5 has already been verified
[INFO] AdminACL contract verified on Etherscan at 0x3947F422386f82e44015991220E033Ad2d4b7be5}
[INFO] Verifying MinterFilter contract deployment...
The contract 0x3b90746ac1ccBFC5D6aC3a09d9930Dc3B224a0F9 has already been verified
[INFO] MinterFilter contract verified on Etherscan at 0x3b90746ac1ccBFC5D6aC3a09d9930Dc3B224a0F9}
[INFO] Verifying MinterDAExpSettlementV1 contract deployment...
The contract 0xAf08abB36Dcb69De935D3292f85347B5e18349A4 has already been verified
[INFO] MinterDAExpSettlementV1 contract verified on Etherscan at 0xAf08abB36Dcb69De935D3292f85347B5e18349A4}
[INFO] Verifying MinterMerkleV5 contract deployment...
The contract 0xeCBc7839b2bC78aC5f76d7cCFD02329e184e44A8 has already been verified
[INFO] MinterMerkleV5 contract verified on Etherscan at 0xeCBc7839b2bC78aC5f76d7cCFD02329e184e44A8}
Created s3 bucket for https://tender-flex-mainnet.s3.amazonaws.com
[INFO] Created image bucket tender-flex-mainnet
[INFO] Deployment details written to /Users/jakerockland/Code/artblocks-contracts/deployments/engine/V3/partners/tender-flex/DEPLOYMENTS.md
Upserting 1 contract...
Contracts metadata upsert input:
{
  "address": "0x959d2f3caf19d20bdbb4e0a4f21ca8a815eddf65",
  "name": "Tender Flex",
  "bucket_name": "tender-flex-mainnet",
  "default_vertical_name": "flex"
}
Successfully upserted 1 contract
[ACTION] provider primary and secondary sales payment addresses remain as deployer addresses: 0xB8559AF91377e5BaB052A4E9a5088cB65a9a4d63. Update later as needed.
[ACTION] AdminACL's superAdmin address is 0xFdc45dae01d1F9EF394b33c227BA9489795d148B, don't forget to update if requred.
----------------------------------------
[INFO] Datetime of deployment: 2023-12-08T00:51:29.837Z
[INFO] Deployment configuration file: /Users/benyo/Development/artblocks-contracts/packages/contracts/deployments/engine/V3/partners/sepolia/deployment-config-sepolia-migration.staging.ts
[INFO] New Admin ACL AdminACLV1 deployed at address: 0xCDB5B0FEA050Eaa69323A7352f0F3295aB4dFA63
[INFO] Using shared Randomizer at 0x28f2D3805652FB5d359486dFfb7D08320D403240
[INFO] Core GenArt721CoreV3_Engine_Flex deployed at 0xB8E8Bec0891A7519091E18590e0b60221853dd2B
[INFO] Registered core contract 0xB8E8Bec0891A7519091E18590e0b60221853dd2B on core registry 0xdAe755c2944Ec125a0D8D5CB082c22837593441a
[INFO] Updated the Minter Filter on the Core contract to 0xa07f47c30C262adcC263A4D44595972c50e04db7.
[INFO] Skipping adding placeholder initial project.
[INFO] Skipping update of render provider split percentage primary, since it is already equal to the value of 10.
[INFO] Skipping update of render provider split percentage secondary, since it is already equal to the value of 250.
[INFO] Transferred superAdmin role on adminACL to 0xFdc45dae01d1F9EF394b33c227BA9489795d148B.
[INFO] Verifying core contract contract deployment...
[ACTION] Save the following constructor args config file to a constructor-args.js file, then verify core contract deployment with:
module.exports = [
        "TenderFlexV3", // name
        "TENDER", // ticker
        "0x00df4E8d293d57718aac0B18cBfBE128c5d484Ef", // render provider
        "0xFdc45dae01d1F9EF394b33c227BA9489795d148B", // platform provider
        "0x28f2D3805652FB5d359486dFfb7D08320D403240", // randomizer
        "0xCDB5B0FEA050Eaa69323A7352f0F3295aB4dFA63", // admin acl
        0, // starting project id
        true, // auto approve artist split proposals
      ];
yarn hardhat verify --network sepolia --constructor-args constructor-args.js 0xB8E8Bec0891A7519091E18590e0b60221853dd2B
[INFO] Verifying AdminACL contract deployment...
[WARN] Etherscan verification of AdminACL failed: UnexpectedError: An unexpected error occurred during the verification process.
Please report this issue to the Hardhat team.
Error Details: Failed to send contract verification request.
Endpoint URL: https://api-sepolia.etherscan.io/api
Reason: The Etherscan API responded that the address 0xCDB5B0FEA050Eaa69323A7352f0F3295aB4dFA63 does not have bytecode.
This can happen if the contract was recently deployed and this fact hasn't propagated to the backend yet.
Try waiting for a minute before verifying your contract. If you are invoking this from a script,
try to wait for five confirmations of your contract deployment transaction before running the verification subtask.
[ACTION] Verify AdminACL contract deployment with:
yarn hardhat verify --network sepolia 0xCDB5B0FEA050Eaa69323A7352f0F3295aB4dFA63 
Created s3 bucket for https://tenderflexv3-sepolia.s3.amazonaws.com
[INFO] Created image bucket tenderflexv3-sepolia
[INFO] Deployment details written to /Users/benyo/Development/artblocks-contracts/packages/contracts/deployments/engine/V3/partners/sepolia/DEPLOYMENTS.md
Upserting 1 contract...
Contracts metadata upsert input:
{
  "address": "0xb8e8bec0891a7519091e18590e0b60221853dd2b",
  "name": "TenderFlexV3",
  "bucket_name": "tenderflexv3-sepolia",
  "default_vertical_name": "flex"
}
Successfully upserted 1 contract
[ACTION] provider primary and secondary sales payment addresses remain as deployer addresses: 0x00df4E8d293d57718aac0B18cBfBE128c5d484Ef. Update later as needed.
[ACTION] AdminACL's superAdmin address is 0xFdc45dae01d1F9EF394b33c227BA9489795d148B, don't forget to update if requred.
