----------------------------------------
[INFO] Datetime of deployment: 2023-04-28T00:15:24.196Z
[INFO] Deployment configuration file: /Users/jakerockland/Code/artblocks-contracts/deployments/engine/V3/partners/sothebys-flex/deployment-config.staging.ts
[INFO] Deploying to network: goerli
[INFO] Deploying to environment: staging
[INFO] New Admin ACL AdminACLV1 deployed at address: 0x3ade999397F6BE92a637acDCbfb875c63f4f96DE
[INFO] Randomizer BasicRandomizerV2 deployed at 0x80f2DBb3921FB09D5E95587F52702ea6F3D3B303
[INFO] Core GenArt721CoreV3_Engine_Flex deployed at 0x8946B8E2BD0eB05C7b6b2eDd9E8826556000D9eC
[INFO] Minter Filter MinterFilterV1 deployed at 0x5Ce6646F07E3A9190952a743bdEbf729e14480aa
[INFO] MinterSetPriceV4 deployed at 0xe7c5256DD80248C5ACa5bC39995a80d3a831acE3
[INFO] MinterDAExpV4 deployed at 0x4a299d1E6759e83ac4bF911b32810416A6A15b4c
[INFO] MinterDAExpSettlementV1 deployed at 0x86E63Bf8619446226BE43AD05eA9a42790775DdE
[INFO] Assigned randomizer to core and renounced ownership of randomizer
[INFO] Updated the Minter Filter on the Core contract to 0x5Ce6646F07E3A9190952a743bdEbf729e14480aa.
[INFO] Allowlisted minter MinterSetPriceV4 at 0xe7c5256DD80248C5ACa5bC39995a80d3a831acE3 on minter filter.
[INFO] Allowlisted minter MinterDAExpV4 at 0x4a299d1E6759e83ac4bF911b32810416A6A15b4c on minter filter.
[INFO] Allowlisted minter MinterDAExpSettlementV1 at 0x86E63Bf8619446226BE43AD05eA9a42790775DdE on minter filter.
[INFO] Skipping adding placeholder initial project.
[INFO] Skipping adding placeholder initial token.
[INFO] Transferred superAdmin role on adminACL to 0xfa37B5833F234540d45E675288EEf1F7D36506Ed.
[INFO] Verifying core contract contract deployment...
Nothing to compile
Successfully submitted source code for contract
contracts/engine/V3/GenArt721CoreV3_Engine_Flex.sol:GenArt721CoreV3_Engine_Flex at 0x8946B8E2BD0eB05C7b6b2eDd9E8826556000D9eC
for verification on the block explorer. Waiting for verification result...

Successfully verified contract GenArt721CoreV3_Engine_Flex on Etherscan.
https://goerli.etherscan.io/address/0x8946B8E2BD0eB05C7b6b2eDd9E8826556000D9eC#code
[INFO] Core contract verified on Etherscan at 0x8946B8E2BD0eB05C7b6b2eDd9E8826556000D9eC}
[INFO] Verifying AdminACL contract deployment...
Compiled 205 Solidity files successfully
Successfully submitted source code for contract
contracts/AdminACLV1.sol:AdminACLV1 at 0x3ade999397F6BE92a637acDCbfb875c63f4f96DE
for verification on the block explorer. Waiting for verification result...

Successfully verified contract AdminACLV1 on Etherscan.
https://goerli.etherscan.io/address/0x3ade999397F6BE92a637acDCbfb875c63f4f96DE#code
[INFO] AdminACL contract verified on Etherscan at 0x3ade999397F6BE92a637acDCbfb875c63f4f96DE}
[INFO] Verifying MinterFilter contract deployment...
The contract 0x5Ce6646F07E3A9190952a743bdEbf729e14480aa has already been verified
[INFO] MinterFilter contract verified on Etherscan at 0x5Ce6646F07E3A9190952a743bdEbf729e14480aa}
[INFO] Verifying MinterSetPriceV4 contract deployment...
The contract 0xe7c5256DD80248C5ACa5bC39995a80d3a831acE3 has already been verified
[INFO] MinterSetPriceV4 contract verified on Etherscan at 0xe7c5256DD80248C5ACa5bC39995a80d3a831acE3}
[INFO] Verifying MinterDAExpV4 contract deployment...
Compiled 205 Solidity files successfully
Successfully submitted source code for contract
contracts/minter-suite/Minters/MinterDAExpV4.sol:MinterDAExpV4 at 0x4a299d1E6759e83ac4bF911b32810416A6A15b4c
for verification on the block explorer. Waiting for verification result...

Successfully verified contract MinterDAExpV4 on Etherscan.
https://goerli.etherscan.io/address/0x4a299d1E6759e83ac4bF911b32810416A6A15b4c#code
[INFO] MinterDAExpV4 contract verified on Etherscan at 0x4a299d1E6759e83ac4bF911b32810416A6A15b4c}
[INFO] Verifying MinterDAExpSettlementV1 contract deployment...
Compiled 205 Solidity files successfully
Successfully submitted source code for contract
contracts/archive/minter-suite/Minters/MinterDAExpSettlement/MinterDAExpSettlementV1.sol:MinterDAExpSettlementV1 at 0x86E63Bf8619446226BE43AD05eA9a42790775DdE
for verification on the block explorer. Waiting for verification result...

Successfully verified contract MinterDAExpSettlementV1 on Etherscan.
https://goerli.etherscan.io/address/0x86E63Bf8619446226BE43AD05eA9a42790775DdE#code
[INFO] MinterDAExpSettlementV1 contract verified on Etherscan at 0x86E63Bf8619446226BE43AD05eA9a42790775DdE}
Created s3 bucket for https://sothebys-gen-art-goerli.s3.amazonaws.com
[INFO] Created image bucket sothebys-gen-art-goerli
[INFO] Deployment details written to /Users/jakerockland/Code/artblocks-contracts/deployments/engine/V3/partners/sothebys-flex/DEPLOYMENTS.md
Upserting 1 contract...
Contracts metadata upsert input:
{
  "address": "0x8946b8e2bd0eb05c7b6b2edd9e8826556000d9ec",
  "name": "Sothebys Gen Art",
  "bucket_name": "sothebys-gen-art-goerli",
  "default_vertical_name": "flex"
}
Successfully upserted 1 contract
[ACTION] provider primary and secondary sales payment addresses remain as deployer addresses: 0xB8559AF91377e5BaB052A4E9a5088cB65a9a4d63. Update later as needed.
[ACTION] AdminACL's superAdmin address is 0xfa37B5833F234540d45E675288EEf1F7D36506Ed, don't forget to update if requred.
