----------------------------------------
[INFO] Datetime of deployment: 2023-10-19T22:43:46.674Z
[INFO] Deployment configuration file: /Users/ryleyohlsen/Documents/GitHub/artblocks-contracts/packages/contracts/deployments/engine/V3/partners/elsewhere/deployment-config.staging.ts
[INFO] Deploying to network: goerli
[INFO] Deploying to environment: staging
[INFO] New Admin ACL AdminACLV1 deployed at address: 0x3f95A5adfdF7dDCc682426D5411F90868C004713
[INFO] Randomizer BasicRandomizerV2 deployed at 0x00Cd366a989E5FC052747f80736dC2DF186F9425
[INFO] Core GenArt721CoreV3_Engine deployed at 0xfdd4f9F39637e83284B61017120Af8cAF0A12D0A
[INFO] Registered core contract 0xfdd4f9F39637e83284B61017120Af8cAF0A12D0A on engine registry 0xEa698596b6009A622C3eD00dD5a8b5d1CAE4fC36
[INFO] Minter Filter MinterFilterV1 deployed at 0xa468a293c0995424A210a080B926BE94738dA09e
[INFO] MinterSetPriceV4 deployed at 0xD8B74b67654e18d4E6Ad2200ECE4B9bDF07b8792
[INFO] Assigned randomizer to core and renounced ownership of randomizer
[INFO] Updated the Minter Filter on the Core contract to 0xa468a293c0995424A210a080B926BE94738dA09e.
[INFO] Allowlisted minter MinterSetPriceV4 at 0xD8B74b67654e18d4E6Ad2200ECE4B9bDF07b8792 on minter filter.
[INFO] Skipping adding placeholder initial project.
[INFO] Skipping adding placeholder initial token.
[INFO] Transferred superAdmin role on adminACL to 0x80bd64eF997f5D756f2Ec0f5E2edF7141317907F.
[INFO] Verifying core contract contract deployment...
Nothing to compile
Successfully submitted source code for contract
contracts/engine/V3/GenArt721CoreV3_Engine.sol:GenArt721CoreV3_Engine at 0xfdd4f9F39637e83284B61017120Af8cAF0A12D0A
for verification on the block explorer. Waiting for verification result...

Successfully verified contract GenArt721CoreV3_Engine on Etherscan.
https://goerli.etherscan.io/address/0xfdd4f9F39637e83284B61017120Af8cAF0A12D0A#code
[INFO] Core contract verified on Etherscan at 0xfdd4f9F39637e83284B61017120Af8cAF0A12D0A}
[INFO] Verifying AdminACL contract deployment...
The contract 0x3f95A5adfdF7dDCc682426D5411F90868C004713 has already been verified
[INFO] AdminACL contract verified on Etherscan at 0x3f95A5adfdF7dDCc682426D5411F90868C004713
[INFO] Verifying MinterFilter contract deployment...
The contract 0xa468a293c0995424A210a080B926BE94738dA09e has already been verified
[INFO] MinterFilter contract verified on Etherscan at 0xa468a293c0995424A210a080B926BE94738dA09e
[INFO] Verifying MinterSetPriceV4 contract deployment...
The contract 0xD8B74b67654e18d4E6Ad2200ECE4B9bDF07b8792 has already been verified
[INFO] MinterSetPriceV4 contract verified on Etherscan at 0xD8B74b67654e18d4E6Ad2200ECE4B9bDF07b8792
Created s3 bucket for https://elsewhere-goerli.s3.amazonaws.com
[INFO] Created image bucket elsewhere-goerli
[INFO] Deployment details written to /Users/ryleyohlsen/Documents/GitHub/artblocks-contracts/packages/contracts/deployments/engine/V3/partners/elsewhere/DEPLOYMENTS.md
Upserting 1 contract...
Contracts metadata upsert input:
{
  "address": "0xfdd4f9f39637e83284b61017120af8caf0a12d0a",
  "name": "Elsewhere",
  "bucket_name": "elsewhere-goerli",
  "default_vertical_name": "fullyonchain"
}
Successfully upserted 1 contract
[ACTION] render provider sales payment addresses remain as deployer addresses: 0xB8559AF91377e5BaB052A4E9a5088cB65a9a4d63. Update later as needed.
[ACTION] AdminACL's superAdmin address is 0x80bd64eF997f5D756f2Ec0f5E2edF7141317907F, don't forget to update if required.
[ACTION] Subgraph: Add Minter Filter and Minter contracts to subgraph config if desire to index minter suite.
----------------------------------------
[INFO] Datetime of deployment: 2023-10-19T22:50:31.284Z
[INFO] Deployment configuration file: /Users/ryleyohlsen/Documents/GitHub/artblocks-contracts/packages/contracts/deployments/engine/V3/partners/elsewhere/deployment-config.mainnet.ts
[INFO] Deploying to network: mainnet
[INFO] Deploying to environment: mainnet
[INFO] New Admin ACL AdminACLV1 deployed at address: 0xe618d7561CE2806cc48c582f0A0cf0C89729C31B
[INFO] Randomizer BasicRandomizerV2 deployed at 0x44431543Aa362Ee0710fB4F4bE34914EBf77F6ee
[INFO] Core GenArt721CoreV3_Engine deployed at 0xab949CB7D6f267FBd6bc75796c6D11b785ECe68F
[INFO] Registered core contract 0xab949CB7D6f267FBd6bc75796c6D11b785ECe68F on engine registry 0x652490c8BB6e7ec3Fd798537D2F348D7904BBbc2
[INFO] Minter Filter MinterFilterV1 deployed at 0xA4b1db883A0b9481Cd0737a7552C5C3cd45587DA
[INFO] MinterSetPriceV4 deployed at 0x83B38bB6E6f76a5606AB950413aDC92CC2Da5319
[INFO] Assigned randomizer to core and renounced ownership of randomizer
[INFO] Updated the Minter Filter on the Core contract to 0xA4b1db883A0b9481Cd0737a7552C5C3cd45587DA.
[INFO] Allowlisted minter MinterSetPriceV4 at 0x83B38bB6E6f76a5606AB950413aDC92CC2Da5319 on minter filter.
[INFO] Skipping adding placeholder initial project.
[INFO] Skipping adding placeholder initial token.
[INFO] Transferred superAdmin role on adminACL to 0x80bd64eF997f5D756f2Ec0f5E2edF7141317907F.
[INFO] Verifying core contract contract deployment...
Nothing to compile
Successfully submitted source code for contract
contracts/engine/V3/GenArt721CoreV3_Engine.sol:GenArt721CoreV3_Engine at 0xab949CB7D6f267FBd6bc75796c6D11b785ECe68F
for verification on the block explorer. Waiting for verification result...

Successfully verified contract GenArt721CoreV3_Engine on Etherscan.
https://etherscan.io/address/0xab949CB7D6f267FBd6bc75796c6D11b785ECe68F#code
[INFO] Core contract verified on Etherscan at 0xab949CB7D6f267FBd6bc75796c6D11b785ECe68F}
[INFO] Verifying AdminACL contract deployment...
The contract 0xe618d7561CE2806cc48c582f0A0cf0C89729C31B has already been verified
[INFO] AdminACL contract verified on Etherscan at 0xe618d7561CE2806cc48c582f0A0cf0C89729C31B
[INFO] Verifying MinterFilter contract deployment...
The contract 0xA4b1db883A0b9481Cd0737a7552C5C3cd45587DA has already been verified
[INFO] MinterFilter contract verified on Etherscan at 0xA4b1db883A0b9481Cd0737a7552C5C3cd45587DA
[INFO] Verifying MinterSetPriceV4 contract deployment...
The contract 0x83B38bB6E6f76a5606AB950413aDC92CC2Da5319 has already been verified
[INFO] MinterSetPriceV4 contract verified on Etherscan at 0x83B38bB6E6f76a5606AB950413aDC92CC2Da5319
Created s3 bucket for https://elsewhere-mainnet.s3.amazonaws.com
[INFO] Created image bucket elsewhere-mainnet
[INFO] Deployment details written to /Users/ryleyohlsen/Documents/GitHub/artblocks-contracts/packages/contracts/deployments/engine/V3/partners/elsewhere/DEPLOYMENTS.md
Upserting 1 contract...
Contracts metadata upsert input:
{
  "address": "0xab949cb7d6f267fbd6bc75796c6d11b785ece68f",
  "name": "Elsewhere",
  "bucket_name": "elsewhere-mainnet",
  "default_vertical_name": "fullyonchain"
}
Successfully upserted 1 contract
[ACTION] AdminACL's superAdmin address is 0x80bd64eF997f5D756f2Ec0f5E2edF7141317907F, don't forget to update if required.
[ACTION] Subgraph: Add Minter Filter and Minter contracts to subgraph config if desire to index minter suite.
