----------------------------------------
[INFO] Datetime of deployment: 2023-12-08T19:17:21.593Z
[INFO] Deployment configuration file: /Users/benyo/Development/artblocks-contracts/packages/contracts/deployments/engine/V3/partners/coindesk/deployment-config.sepolia-staging.ts
[INFO] Deploying to network: sepolia
[INFO] Deploying to environment: staging
[INFO] New Admin ACL AdminACLV1 deployed at address: 0xE5Ce5B32EFAa2e78a0824d0a8dDd6195d55B8B11
[INFO] Using shared Randomizer at 0x28f2D3805652FB5d359486dFfb7D08320D403240
[INFO] Core GenArt721CoreV3_Engine deployed at 0x83DA34B8e146A71B25aFAf2f8122958dc28C6858
[INFO] Registered core contract 0x83DA34B8e146A71B25aFAf2f8122958dc28C6858 on core registry 0xdAe755c2944Ec125a0D8D5CB082c22837593441a
[INFO] Updated the Minter Filter on the Core contract to 0xa07f47c30C262adcC263A4D44595972c50e04db7.
[INFO] Skipping adding placeholder initial project.
[INFO] Skipping update of render provider split percentage primary, since it is already equal to the value of 10.
[INFO] Skipping update of render provider split percentage secondary, since it is already equal to the value of 250.
[INFO] Transferred superAdmin role on adminACL to 0x218162EA0AF740Ad3cCb50E7C15FBEe52CFDc6B3.
[INFO] Verifying core contract contract deployment...
The contract 0x83DA34B8e146A71B25aFAf2f8122958dc28C6858 has already been verified on Etherscan.
https://sepolia.etherscan.io/address/0x83DA34B8e146A71B25aFAf2f8122958dc28C6858#code
[INFO] Core contract verified on Etherscan at 0x83DA34B8e146A71B25aFAf2f8122958dc28C6858}
[INFO] Verifying AdminACL contract deployment...
The contract 0xE5Ce5B32EFAa2e78a0824d0a8dDd6195d55B8B11 has already been verified on Etherscan.
https://sepolia.etherscan.io/address/0xE5Ce5B32EFAa2e78a0824d0a8dDd6195d55B8B11#code
[INFO] AdminACL contract verified on Etherscan at 0xE5Ce5B32EFAa2e78a0824d0a8dDd6195d55B8B11
Created s3 bucket for https://coindesk-sepolia.s3.amazonaws.com
[INFO] Created image bucket coindesk-sepolia
[INFO] Deployment details written to /Users/benyo/Development/artblocks-contracts/packages/contracts/deployments/engine/V3/partners/coindesk/DEPLOYMENTS.md
Upserting 1 contract...
Contracts metadata upsert input:
{
  "address": "0x83da34b8e146a71b25afaf2f8122958dc28c6858",
  "name": "CoinDesk",
  "bucket_name": "coindesk-sepolia",
  "default_vertical_name": "fullyonchain"
}
Successfully upserted 1 contract
[ACTION] provider primary and secondary sales payment addresses remain as deployer addresses: 0x00df4E8d293d57718aac0B18cBfBE128c5d484Ef. Update later as needed.
[ACTION] AdminACL's superAdmin address is 0x218162EA0AF740Ad3cCb50E7C15FBEe52CFDc6B3, don't forget to update if requred.
